May-14 12:49:03.259 [main] DEBUG nextflow.cli.Launcher - $> nextflow run /home/charlie/miniconda3/envs/bactopia//share/bactopia-3.0.0/main.nf -w /home/charlie/Documents/BactBook/bactopia-workshop/work/ --R1 'https://github.com/bactopia/bactopia-tests/raw/main/data/species/portiera/illumina/SRR2838702_R1.fastq.gz' --R2 'https://github.com/bactopia/bactopia-tests/raw/main/data/species/portiera/illumina/SRR2838702_R2.fastq.gz' --SE 'https://github.com/bactopia/bactopia-tests/raw/main/data/species/portiera/nanopore/ERR3772599.fastq.gz' --hybrid --sample test-hybrid --run_name test-hybrid --genome_size 358000 -profile docker --force
May-14 12:49:03.513 [main] INFO  nextflow.cli.CmdRun - N E X T F L O W  ~  version 23.04.1
May-14 12:49:03.584 [main] DEBUG nextflow.plugin.PluginsFacade - Setting up plugin manager > mode=prod; embedded=false; plugins-dir=/home/charlie/.nextflow/plugins; core-plugins: nf-amazon@1.16.2,nf-azure@1.0.1,nf-codecommit@0.1.4,nf-console@1.0.5,nf-ga4gh@1.0.5,nf-google@1.7.3,nf-tower@1.5.12,nf-wave@0.8.2
May-14 12:49:03.618 [main] INFO  org.pf4j.DefaultPluginStatusProvider - Enabled plugins: []
May-14 12:49:03.621 [main] INFO  org.pf4j.DefaultPluginStatusProvider - Disabled plugins: []
May-14 12:49:03.633 [main] INFO  org.pf4j.DefaultPluginManager - PF4J version 3.4.1 in 'deployment' mode
May-14 12:49:03.670 [main] INFO  org.pf4j.AbstractPluginManager - No plugins
May-14 12:49:03.732 [main] DEBUG nextflow.config.ConfigBuilder - Found config base: /home/charlie/miniconda3/envs/bactopia/share/bactopia-3.0.0/nextflow.config
May-14 12:49:03.740 [main] DEBUG nextflow.config.ConfigBuilder - Parsing config file: /home/charlie/miniconda3/envs/bactopia/share/bactopia-3.0.0/nextflow.config
May-14 12:49:03.849 [main] DEBUG nextflow.config.ConfigBuilder - Applying config profile: `docker`
May-14 12:49:10.827 [main] DEBUG nextflow.config.ConfigBuilder - Available config profiles: [standard, sge, slurm, test, gcp, wsvl, singularity, aws, arcc, arm, docker]
May-14 12:49:10.978 [main] DEBUG nextflow.cli.CmdRun - Applied DSL=2 from script declararion
May-14 12:49:11.037 [main] INFO  nextflow.cli.CmdRun - Launching `/home/charlie/miniconda3/envs/bactopia/share/bactopia-3.0.0/main.nf` [hungry_galileo] DSL2 - revision: 0cd9f79ba7
May-14 12:49:11.039 [main] DEBUG nextflow.plugin.PluginsFacade - Plugins default=[]
May-14 12:49:11.040 [main] DEBUG nextflow.plugin.PluginsFacade - Plugins resolved requirement=[]
May-14 12:49:11.074 [main] DEBUG nextflow.secret.LocalSecretsProvider - Secrets store: /home/charlie/.nextflow/secrets/store.json
May-14 12:49:11.087 [main] DEBUG nextflow.secret.SecretsLoader - Discovered secrets providers: [nextflow.secret.LocalSecretsProvider@7a2fce12] - activable => nextflow.secret.LocalSecretsProvider@7a2fce12
May-14 12:49:11.282 [main] DEBUG nextflow.Session - Session UUID: d767a825-5c02-44f3-ac60-a5e70f842d9c
May-14 12:49:11.282 [main] DEBUG nextflow.Session - Run name: hungry_galileo
May-14 12:49:11.284 [main] DEBUG nextflow.Session - Executor pool size: 8
May-14 12:49:11.319 [main] DEBUG nextflow.util.ThreadPoolBuilder - Creating thread pool 'FileTransfer' minSize=10; maxSize=24; workQueue=LinkedBlockingQueue[10000]; allowCoreThreadTimeout=false
May-14 12:49:11.431 [main] DEBUG nextflow.cli.CmdRun - 
  Version: 23.04.1 build 5866
  Created: 15-04-2023 06:51 UTC (16:51 AEDT)
  System: Linux 5.19.0-40-generic
  Runtime: Groovy 3.0.16 on OpenJDK 64-Bit Server VM 17.0.3-internal+0-adhoc..src
  Encoding: UTF-8 (UTF-8)
  Process: 433892@charlie-Blade-Stealth [127.0.1.1]
  CPUs: 8 - Mem: 15.5 GB (6.7 GB) - Swap: 2 GB (1.8 GB)
May-14 12:49:11.493 [main] DEBUG nextflow.Session - Work-dir: /home/charlie/Documents/BactBook/bactopia-workshop/work [ext2/ext3]
May-14 12:49:11.546 [main] DEBUG nextflow.executor.ExecutorFactory - Extension executors providers=[]
May-14 12:49:11.577 [main] DEBUG nextflow.Session - Observer factory: DefaultObserverFactory
May-14 12:49:11.900 [main] DEBUG nextflow.cache.CacheFactory - Using Nextflow cache factory: nextflow.cache.DefaultCacheFactory
May-14 12:49:11.928 [main] DEBUG nextflow.util.CustomThreadPool - Creating default thread pool > poolSize: 9; maxThreads: 1000
May-14 12:49:12.132 [main] DEBUG nextflow.Session - Session start
May-14 12:49:12.145 [main] DEBUG nextflow.trace.TraceFileObserver - Workflow started -- trace file: /home/charlie/Documents/BactBook/bactopia-workshop/bactopia/bactopia-comparative/bactopia/test-hybrid/nf-reports/bactopia-trace.txt
May-14 12:49:12.170 [main] DEBUG nextflow.Session - Using default localLib path: /home/charlie/miniconda3/envs/bactopia/share/bactopia-3.0.0/lib
May-14 12:49:12.178 [main] DEBUG nextflow.Session - Adding to the classpath library: /home/charlie/miniconda3/envs/bactopia/share/bactopia-3.0.0/lib
May-14 12:49:12.181 [main] DEBUG nextflow.Session - Adding to the classpath library: /home/charlie/miniconda3/envs/bactopia/share/bactopia-3.0.0/lib/nfcore_external_java_deps.jar
May-14 12:49:12.665 [main] DEBUG nextflow.script.ScriptRunner - > Launching execution
May-14 12:49:18.067 [main] WARN  nextflow.Nextflow - Maximum memory (32) was adjusted to fit your system (15)
May-14 12:49:18.759 [main] INFO  nextflow.Nextflow - 

-[2m-------------------------------------------[0m-
[0;34m   _                _              _             [0m
[0;34m  | |__   __ _  ___| |_ ___  _ __ (_) __ _       [0m
[0;34m  | '_ \ / _` |/ __| __/ _ \| '_ \| |/ _` |   [0m
[0;34m  | |_) | (_| | (__| || (_) | |_) | | (_| |      [0m
[0;34m  |_.__/ \__,_|\___|\__\___/| .__/|_|\__,_| [0m
[0;34m                            |_|                  [0m
[0;36m  bactopia v3.0.0[0m
[0;36m  Bactopia is a flexible pipeline for complete analysis of bacterial genomes [0m
-[2m-------------------------------------------[0m-
[1mCore Nextflow options[0m
  [0;34mrunName          : [0;32mhungry_galileo[0m
  [0;34mcontainerEngine  : [0;32mdocker[0m
  [0;34mcontainer        : [0;32mquay.io/bactopia/bactopia:3.0.0[0m
  [0;34mlaunchDir        : [0;32m/home/charlie/Documents/BactBook/bactopia-workshop[0m
  [0;34mworkDir          : [0;32m/home/charlie/Documents/BactBook/bactopia-workshop/work[0m
  [0;34mprojectDir       : [0;32m/home/charlie/miniconda3/envs/bactopia/share/bactopia-3.0.0[0m
  [0;34muserName         : [0;32mcharlie[0m
  [0;34mprofile          : [0;32mdocker[0m
  [0;34mconfigFiles      : [0;32m/home/charlie/miniconda3/envs/bactopia/share/bactopia-3.0.0/nextflow.config[0m

[1mRequired Parameters[0m
  [0;34mR1               : [0;32mhttps://github.com/bactopia/bactopia-tests/raw/main/data/species/portiera/illumina/SRR2838702_R1.fastq.gz[0m
  [0;34mR2               : [0;32mhttps://github.com/bactopia/bactopia-tests/raw/main/data/species/portiera/illumina/SRR2838702_R2.fastq.gz[0m
  [0;34mSE               : [0;32mhttps://github.com/bactopia/bactopia-tests/raw/main/data/species/portiera/nanopore/ERR3772599.fastq.gz[0m
  [0;34mhybrid           : [0;32mtrue[0m
  [0;34msample           : [0;32mtest-hybrid[0m

[1mDataset Parameters[0m
  [0;34mgenome_size      : [0;32m358000[0m

[1mQC Reads Parameters[0m
  [0;34muse_porechop     : [0;32mfalse[0m
  [0;34madapters         : [0;32m/home/charlie/miniconda3/envs/bactopia/share/bactopia-3.0.0/data/EMPTY_ADAPTERS[0m
  [0;34mphix             : [0;32m/home/charlie/miniconda3/envs/bactopia/share/bactopia-3.0.0/data/EMPTY_PHIX[0m

[1mProkka Parameters[0m
  [0;34mproteins         : [0;32m/home/charlie/miniconda3/envs/bactopia/share/bactopia-3.0.0/data/proteins.faa[0m

[1mOptional Parameters[0m
  [0;34moutdir           : [0;32mbactopia[0m
  [0;34mrun_name         : [0;32mtest-hybrid[0m

[1mNextflow Configuration Parameters[0m
  [0;34mforce            : [0;32mtrue[0m

[1mNextflow Profile Parameters[0m
  [0;34mcondadir         : [0;32m/home/charlie/.bactopia/conda[0m
  [0;34mdatasets_cache   : [0;32m/home/charlie/.bactopia/datasets[0m
  [0;34msingularity_cache: [0;32m/home/charlie/.bactopia/singularity[0m

!! Only displaying parameters that differ from the pipeline defaults !!
-[2m------------------------------------------------------------------[0m-
If you use bactopia for your analysis please cite:

* Bactopia
  https://doi.org/10.1128/mSystems.00190-20

* The nf-core framework
  https://doi.org/10.1038/s41587-020-0439-x

* Software dependencies
  https://bactopia.github.io/acknowledgements/
-[2m------------------------------------------------------------------[0m-
May-14 12:49:20.568 [main] WARN  nextflow.Nextflow - Maximum memory (32) was adjusted to fit your system (15)
May-14 12:49:21.299 [main] WARN  nextflow.Nextflow - Maximum memory (32) was adjusted to fit your system (15)
May-14 12:49:21.949 [main] WARN  nextflow.Nextflow - Maximum memory (32) was adjusted to fit your system (15)
May-14 12:49:23.491 [main] WARN  nextflow.Nextflow - Maximum memory (32) was adjusted to fit your system (15)
May-14 12:49:24.175 [main] WARN  nextflow.Nextflow - Maximum memory (32) was adjusted to fit your system (15)
May-14 12:49:24.702 [main] WARN  nextflow.Nextflow - Maximum memory (32) was adjusted to fit your system (15)
May-14 12:49:26.002 [main] WARN  nextflow.Nextflow - Maximum memory (32) was adjusted to fit your system (15)
May-14 12:49:26.590 [main] WARN  nextflow.Nextflow - Maximum memory (32) was adjusted to fit your system (15)
May-14 12:49:27.639 [main] WARN  nextflow.Nextflow - Maximum memory (32) was adjusted to fit your system (15)
May-14 12:49:28.582 [main] WARN  nextflow.Nextflow - Maximum memory (32) was adjusted to fit your system (15)
May-14 12:49:29.173 [main] WARN  nextflow.Nextflow - Maximum memory (32) was adjusted to fit your system (15)
May-14 12:49:30.522 [main] WARN  nextflow.Nextflow - Maximum memory (32) was adjusted to fit your system (15)
May-14 12:49:31.430 [main] WARN  nextflow.Nextflow - Maximum memory (32) was adjusted to fit your system (15)
May-14 12:49:32.489 [main] WARN  nextflow.Nextflow - Maximum memory (32) was adjusted to fit your system (15)
May-14 12:49:32.512 [main] INFO  nextflow.Nextflow - 
Each task will use 4 CPUs out of the available 8 CPUs. At most 
2 task(s) will be run at a time, this can affect the efficiency 
of Bactopia. You can use the '-qs' parameter to alter the number of 
tasks to run at a time (e.g. '-qs 2', means only 2 tasks or a maximum 
of 8 CPUs will be used at once)

May-14 12:49:32.513 [main] INFO  nextflow.Nextflow - 
May-14 12:49:32.756 [main] DEBUG nextflow.script.ProcessConfig - Config settings `withLabel:process_low` matches labels `process_low` for process with name BACTOPIA:DATASETS
May-14 12:49:32.801 [main] DEBUG nextflow.executor.ExecutorFactory - << taskConfig executor: null
May-14 12:49:32.802 [main] DEBUG nextflow.executor.ExecutorFactory - >> processorType: 'local'
May-14 12:49:32.828 [main] DEBUG nextflow.executor.Executor - [warm up] executor > local
May-14 12:49:32.845 [main] DEBUG n.processor.LocalPollingMonitor - Creating local task monitor for executor 'local' > cpus=8; memory=15.5 GB; capacity=8; pollInterval=100ms; dumpInterval=5m
May-14 12:49:33.251 [main] DEBUG nextflow.script.ProcessConfig - Config settings `withLabel:process_low` matches labels `process_low` for process with name BACTOPIA:GATHER:GATHER_MODULE
May-14 12:49:33.266 [main] DEBUG nextflow.executor.ExecutorFactory - << taskConfig executor: null
May-14 12:49:33.266 [main] DEBUG nextflow.executor.ExecutorFactory - >> processorType: 'local'
May-14 12:49:33.395 [main] DEBUG nextflow.script.ProcessConfig - Config settings `withLabel:process_low` matches labels `process_low` for process with name BACTOPIA:GATHER:CSVTK_CONCAT
May-14 12:49:33.400 [main] DEBUG nextflow.executor.ExecutorFactory - << taskConfig executor: null
May-14 12:49:33.401 [main] DEBUG nextflow.executor.ExecutorFactory - >> processorType: 'local'
May-14 12:49:33.437 [main] DEBUG nextflow.script.ProcessConfig - Config settings `withLabel:process_low` matches labels `process_low` for process with name BACTOPIA:QC:QC_MODULE
May-14 12:49:33.442 [main] DEBUG nextflow.executor.ExecutorFactory - << taskConfig executor: null
May-14 12:49:33.443 [main] DEBUG nextflow.executor.ExecutorFactory - >> processorType: 'local'
May-14 12:49:33.481 [main] DEBUG nextflow.script.ProcessConfig - Config settings `withLabel:assemble_genome` matches labels `process_low,assemble_genome` for process with name BACTOPIA:ASSEMBLER:ASSEMBLER_MODULE
May-14 12:49:33.483 [main] DEBUG nextflow.script.ProcessConfig - Config settings `withLabel:process_low` matches labels `process_low,assemble_genome` for process with name BACTOPIA:ASSEMBLER:ASSEMBLER_MODULE
May-14 12:49:33.486 [main] DEBUG nextflow.executor.ExecutorFactory - << taskConfig executor: null
May-14 12:49:33.486 [main] DEBUG nextflow.executor.ExecutorFactory - >> processorType: 'local'
May-14 12:49:33.518 [main] DEBUG nextflow.script.ProcessConfig - Config settings `withLabel:process_low` matches labels `process_low` for process with name BACTOPIA:ASSEMBLER:CSVTK_CONCAT
May-14 12:49:33.521 [main] DEBUG nextflow.executor.ExecutorFactory - << taskConfig executor: null
May-14 12:49:33.522 [main] DEBUG nextflow.executor.ExecutorFactory - >> processorType: 'local'
May-14 12:49:33.554 [main] DEBUG nextflow.script.ProcessConfig - Config settings `withLabel:process_low` matches labels `process_low` for process with name BACTOPIA:SKETCHER:SKETCHER_MODULE
May-14 12:49:33.558 [main] DEBUG nextflow.executor.ExecutorFactory - << taskConfig executor: null
May-14 12:49:33.559 [main] DEBUG nextflow.executor.ExecutorFactory - >> processorType: 'local'
May-14 12:49:33.592 [main] DEBUG nextflow.script.ProcessConfig - Config settings `withLabel:process_low` matches labels `process_low` for process with name BACTOPIA:ANNOTATOR:PROKKA_MODULE
May-14 12:49:33.599 [main] DEBUG nextflow.executor.ExecutorFactory - << taskConfig executor: null
May-14 12:49:33.599 [main] DEBUG nextflow.executor.ExecutorFactory - >> processorType: 'local'
May-14 12:49:33.654 [main] DEBUG nextflow.script.ProcessConfig - Config settings `withLabel:process_medium` matches labels `process_medium` for process with name BACTOPIA:AMRFINDERPLUS:AMRFINDERPLUS_RUN
May-14 12:49:33.664 [main] DEBUG nextflow.executor.ExecutorFactory - << taskConfig executor: null
May-14 12:49:33.664 [main] DEBUG nextflow.executor.ExecutorFactory - >> processorType: 'local'
May-14 12:49:33.668 [main] DEBUG nextflow.processor.TaskProcessor - Creating *combiner* operator for each param(s) at index(es): [1]
May-14 12:49:33.710 [main] DEBUG nextflow.script.ProcessConfig - Config settings `withLabel:process_low` matches labels `process_low` for process with name BACTOPIA:AMRFINDERPLUS:GENES_CONCAT
May-14 12:49:33.713 [main] DEBUG nextflow.executor.ExecutorFactory - << taskConfig executor: null
May-14 12:49:33.713 [main] DEBUG nextflow.executor.ExecutorFactory - >> processorType: 'local'
May-14 12:49:33.742 [main] DEBUG nextflow.script.ProcessConfig - Config settings `withLabel:process_low` matches labels `process_low` for process with name BACTOPIA:AMRFINDERPLUS:PROTEINS_CONCAT
May-14 12:49:33.744 [main] DEBUG nextflow.executor.ExecutorFactory - << taskConfig executor: null
May-14 12:49:33.745 [main] DEBUG nextflow.executor.ExecutorFactory - >> processorType: 'local'
May-14 12:49:33.767 [main] DEBUG nextflow.script.ProcessConfig - Config settings `withLabel:process_low` matches labels `process_low` for process with name BACTOPIA:MLST:MLST_MODULE
May-14 12:49:33.769 [main] DEBUG nextflow.executor.ExecutorFactory - << taskConfig executor: null
May-14 12:49:33.770 [main] DEBUG nextflow.executor.ExecutorFactory - >> processorType: 'local'
May-14 12:49:33.795 [main] DEBUG nextflow.script.ProcessConfig - Config settings `withLabel:process_low` matches labels `process_low` for process with name BACTOPIA:MLST:CSVTK_CONCAT
May-14 12:49:33.798 [main] DEBUG nextflow.executor.ExecutorFactory - << taskConfig executor: null
May-14 12:49:33.798 [main] DEBUG nextflow.executor.ExecutorFactory - >> processorType: 'local'
May-14 12:49:33.908 [main] DEBUG nextflow.script.ProcessConfig - Config settings `withLabel:process_low` matches labels `process_low` for process with name BACTOPIA:DUMPSOFTWAREVERSIONS
May-14 12:49:33.911 [main] DEBUG nextflow.executor.ExecutorFactory - << taskConfig executor: null
May-14 12:49:33.911 [main] DEBUG nextflow.executor.ExecutorFactory - >> processorType: 'local'
May-14 12:49:33.921 [main] DEBUG nextflow.Session - Workflow process names [dsl2]: BACTOPIA:DATASETS, CSVTK_CONCAT, SKETCHER_MODULE, DUMPSOFTWAREVERSIONS, QC, PROKKA, GATHER, BACTOPIA:ASSEMBLER:CSVTK_CONCAT, BACTOPIA:DUMPSOFTWAREVERSIONS, QC_MODULE, BACTOPIA:GATHER:GATHER_MODULE, PROKKA_MODULE, BACTOPIA:MLST:CSVTK_CONCAT, ASSEMBLER, MLST, BACTOPIA:QC:QC_MODULE, BACTOPIA:AMRFINDERPLUS:AMRFINDERPLUS_RUN, BACTOPIA:AMRFINDERPLUS:GENES_CONCAT, GENES_CONCAT, PROTEINS_CONCAT, SKETCHER, DATASETS, AMRFINDERPLUS_RUN, ASSEMBLER_MODULE, MLST_MODULE, BACTOPIA:AMRFINDERPLUS:PROTEINS_CONCAT, GATHER_MODULE, BACTOPIA:GATHER:CSVTK_CONCAT, BACTOPIA:MLST:MLST_MODULE, CUSTOM_DUMPSOFTWAREVERSIONS, BACTOPIA:SKETCHER:SKETCHER_MODULE, BACTOPIA:ANNOTATOR:PROKKA_MODULE, BACTOPIA:ASSEMBLER:ASSEMBLER_MODULE
May-14 12:49:33.927 [main] DEBUG nextflow.Session - Igniting dataflow network (29)
May-14 12:49:33.928 [main] DEBUG nextflow.processor.TaskProcessor - Starting process > BACTOPIA:DATASETS
May-14 12:49:33.930 [main] DEBUG nextflow.processor.TaskProcessor - Starting process > BACTOPIA:GATHER:GATHER_MODULE
May-14 12:49:33.931 [main] DEBUG nextflow.processor.TaskProcessor - Starting process > BACTOPIA:GATHER:CSVTK_CONCAT
May-14 12:49:33.931 [main] DEBUG nextflow.processor.TaskProcessor - Starting process > BACTOPIA:QC:QC_MODULE
May-14 12:49:33.932 [main] DEBUG nextflow.processor.TaskProcessor - Starting process > BACTOPIA:ASSEMBLER:ASSEMBLER_MODULE
May-14 12:49:33.932 [main] DEBUG nextflow.processor.TaskProcessor - Starting process > BACTOPIA:ASSEMBLER:CSVTK_CONCAT
May-14 12:49:33.932 [main] DEBUG nextflow.processor.TaskProcessor - Starting process > BACTOPIA:SKETCHER:SKETCHER_MODULE
May-14 12:49:33.933 [main] DEBUG nextflow.processor.TaskProcessor - Starting process > BACTOPIA:ANNOTATOR:PROKKA_MODULE
May-14 12:49:33.935 [main] DEBUG nextflow.processor.TaskProcessor - Starting process > BACTOPIA:AMRFINDERPLUS:AMRFINDERPLUS_RUN
May-14 12:49:33.936 [main] DEBUG nextflow.processor.TaskProcessor - Starting process > BACTOPIA:AMRFINDERPLUS:AMRFINDERPLUS_RUN
May-14 12:49:33.936 [main] DEBUG nextflow.processor.TaskProcessor - Starting process > BACTOPIA:AMRFINDERPLUS:GENES_CONCAT
May-14 12:49:33.937 [main] DEBUG nextflow.processor.TaskProcessor - Starting process > BACTOPIA:AMRFINDERPLUS:PROTEINS_CONCAT
May-14 12:49:33.937 [main] DEBUG nextflow.processor.TaskProcessor - Starting process > BACTOPIA:MLST:MLST_MODULE
May-14 12:49:33.938 [main] DEBUG nextflow.processor.TaskProcessor - Starting process > BACTOPIA:MLST:CSVTK_CONCAT
May-14 12:49:33.938 [main] DEBUG nextflow.processor.TaskProcessor - Starting process > BACTOPIA:DUMPSOFTWAREVERSIONS
May-14 12:49:33.939 [main] DEBUG nextflow.script.ScriptRunner - > Awaiting termination 
May-14 12:49:33.939 [main] DEBUG nextflow.Session - Session await
May-14 12:49:34.077 [Actor Thread 4] INFO  nextflow.processor.TaskProcessor - [skipping] Stored process > BACTOPIA:DATASETS
May-14 12:49:39.325 [FileTransfer-1] DEBUG nextflow.file.FilePorter - Copying foreign file https://github.com/bactopia/bactopia-tests/raw/main/data/species/portiera/illumina/SRR2838702_R1.fastq.gz to work dir: /home/charlie/Documents/BactBook/bactopia-workshop/work/stage-d767a825-5c02-44f3-ac60-a5e70f842d9c/f1/b0c8b3217d074d3bfc7f67d0d5b4e5/SRR2838702_R1.fastq.gz
May-14 12:49:39.326 [FileTransfer-2] DEBUG nextflow.file.FilePorter - Copying foreign file https://github.com/bactopia/bactopia-tests/raw/main/data/species/portiera/illumina/SRR2838702_R2.fastq.gz to work dir: /home/charlie/Documents/BactBook/bactopia-workshop/work/stage-d767a825-5c02-44f3-ac60-a5e70f842d9c/f3/970a8541634067c3aee32683e41b5e/SRR2838702_R2.fastq.gz
May-14 12:49:39.327 [FileTransfer-3] DEBUG nextflow.file.FilePorter - Copying foreign file https://github.com/bactopia/bactopia-tests/raw/main/data/species/portiera/nanopore/ERR3772599.fastq.gz to work dir: /home/charlie/Documents/BactBook/bactopia-workshop/work/stage-d767a825-5c02-44f3-ac60-a5e70f842d9c/b8/82b17571cafca83b9089f1d178c88c/ERR3772599.fastq.gz
May-14 12:49:41.327 [Actor Thread 2] INFO  nextflow.file.FilePorter - Staging foreign file: https://github.com/bactopia/bactopia-tests/raw/main/data/species/portiera/illumina/SRR2838702_R1.fastq.gz
May-14 12:49:44.798 [Task submitter] DEBUG n.executor.local.LocalTaskHandler - Launch cmd line: /bin/bash -ue .command.run
May-14 12:49:44.803 [Task submitter] INFO  nextflow.Session - [88/440621] Submitted process > BACTOPIA:GATHER:GATHER_MODULE (test-hybrid)
May-14 12:49:53.598 [Task monitor] DEBUG n.processor.TaskPollingMonitor - Task completed > TaskHandler[id: 1; name: BACTOPIA:GATHER:GATHER_MODULE (test-hybrid); status: COMPLETED; exit: 0; error: -; workDir: /home/charlie/Documents/BactBook/bactopia-workshop/work/88/440621f73f8825717ce8200ca7ad63]
May-14 12:49:53.850 [Task monitor] DEBUG nextflow.processor.TaskProcessor - Process BACTOPIA:GATHER:GATHER_MODULE > Skipping output binding because one or more optional files are missing: fileoutparam<3>
May-14 12:49:53.851 [Task monitor] DEBUG nextflow.processor.TaskProcessor - Process BACTOPIA:GATHER:GATHER_MODULE > Skipping output binding because one or more optional files are missing: fileoutparam<6>
May-14 12:49:53.882 [Task monitor] DEBUG nextflow.util.ThreadPoolBuilder - Creating thread pool 'PublishDir' minSize=10; maxSize=24; workQueue=LinkedBlockingQueue[10000]; allowCoreThreadTimeout=false
May-14 12:49:54.035 [Task submitter] DEBUG n.executor.local.LocalTaskHandler - Launch cmd line: /bin/bash -ue .command.run
May-14 12:49:54.037 [Task submitter] INFO  nextflow.Session - [ab/151ef2] Submitted process > BACTOPIA:GATHER:CSVTK_CONCAT (meta)
May-14 12:49:54.702 [Actor Thread 7] DEBUG nextflow.util.CacheHelper - [WARN] Unknown hashing type: class nextflow.util.MemoryUnit
May-14 12:49:55.582 [Task monitor] DEBUG n.processor.TaskPollingMonitor - Task completed > TaskHandler[id: 4; name: BACTOPIA:GATHER:CSVTK_CONCAT (meta); status: COMPLETED; exit: 0; error: -; workDir: /home/charlie/Documents/BactBook/bactopia-workshop/work/ab/151ef27b09bb651e52ead9b61513ae]
May-14 12:49:55.597 [Task monitor] DEBUG nextflow.processor.TaskProcessor - Process BACTOPIA:GATHER:CSVTK_CONCAT > Skipping output binding because one or more optional files are missing: fileoutparam<1>
May-14 12:49:55.630 [Task submitter] DEBUG n.executor.local.LocalTaskHandler - Launch cmd line: /bin/bash -ue .command.run
May-14 12:49:55.632 [Task submitter] INFO  nextflow.Session - [d8/9902c9] Submitted process > BACTOPIA:QC:QC_MODULE (test-hybrid)
May-14 12:50:26.845 [SIGINT handler] DEBUG nextflow.Session - Session aborted -- Cause: SIGINT
May-14 12:50:26.912 [SIGINT handler] DEBUG nextflow.Session - The following nodes are still active:
[process] BACTOPIA:ASSEMBLER:ASSEMBLER_MODULE
  status=ACTIVE
  port 0: (queue) OPEN  ; channel: -
  port 1: (cntrl) -     ; channel: $

[process] BACTOPIA:ASSEMBLER:CSVTK_CONCAT
  status=ACTIVE
  port 0: (value) OPEN  ; channel: -
  port 1: (value) bound ; channel: in_format
  port 2: (value) bound ; channel: out_format
  port 3: (cntrl) -     ; channel: $

[process] BACTOPIA:SKETCHER:SKETCHER_MODULE
  status=ACTIVE
  port 0: (queue) OPEN  ; channel: -
  port 1: (value) bound ; channel: mash_db
  port 2: (value) bound ; channel: sourmash_db
  port 3: (cntrl) -     ; channel: $

[process] BACTOPIA:ANNOTATOR:PROKKA_MODULE
  status=ACTIVE
  port 0: (queue) OPEN  ; channel: -
  port 1: (value) bound ; channel: proteins
  port 2: (value) bound ; channel: prodigal_tf
  port 3: (cntrl) -     ; channel: $

[process] BACTOPIA:AMRFINDERPLUS:AMRFINDERPLUS_RUN
  status=ACTIVE
  port 0: (queue) OPEN  ; channel: -
  port 1: (value) bound ; channel: __$eachinparam<1>
  port 2: (cntrl) -     ; channel: $

[process] BACTOPIA:AMRFINDERPLUS:GENES_CONCAT
  status=ACTIVE
  port 0: (value) OPEN  ; channel: -
  port 1: (value) bound ; channel: in_format
  port 2: (value) bound ; channel: out_format
  port 3: (cntrl) -     ; channel: $

[process] BACTOPIA:AMRFINDERPLUS:PROTEINS_CONCAT
  status=ACTIVE
  port 0: (value) OPEN  ; channel: -
  port 1: (value) bound ; channel: in_format
  port 2: (value) bound ; channel: out_format
  port 3: (cntrl) -     ; channel: $

[process] BACTOPIA:MLST:MLST_MODULE
  status=ACTIVE
  port 0: (queue) OPEN  ; channel: -
  port 1: (value) bound ; channel: db
  port 2: (cntrl) -     ; channel: $

[process] BACTOPIA:MLST:CSVTK_CONCAT
  status=ACTIVE
  port 0: (value) OPEN  ; channel: -
  port 1: (value) bound ; channel: in_format
  port 2: (value) bound ; channel: out_format
  port 3: (cntrl) -     ; channel: $

[process] BACTOPIA:DUMPSOFTWAREVERSIONS
  status=ACTIVE
  port 0: (queue) OPEN  ; channel: versions
  port 1: (cntrl) -     ; channel: $

May-14 12:50:26.918 [main] DEBUG nextflow.Session - Session await > all processes finished
May-14 12:50:26.919 [main] DEBUG nextflow.Session - Session await > all barriers passed
May-14 12:50:26.948 [main] INFO  nextflow.script.BaseScript - 
    Bactopia Execution Summary
    ---------------------------
    Bactopia Version : 3.0.0
    Nextflow Version : 23.04.1
    Command Line     : nextflow run /home/charlie/miniconda3/envs/bactopia//share/bactopia-3.0.0/main.nf -w /home/charlie/Documents/BactBook/bactopia-workshop/work/ --R1 'https://github.com/bactopia/bactopia-tests/raw/main/data/species/portiera/illumina/SRR2838702_R1.fastq.gz' --R2 'https://github.com/bactopia/bactopia-tests/raw/main/data/species/portiera/illumina/SRR2838702_R2.fastq.gz' --SE 'https://github.com/bactopia/bactopia-tests/raw/main/data/species/portiera/nanopore/ERR3772599.fastq.gz' --hybrid --sample test-hybrid --run_name test-hybrid --genome_size 358000 -profile docker --force
    Resumed          : false
    Completed At     : 2023-05-14T12:50:26.940408127+10:00
    Duration         : 1m 15s
    Success          : false
    Exit Code        : null
    Error Report     : SIGINT
    Launch Dir       : /home/charlie/Documents/BactBook/bactopia-workshop
    
May-14 12:50:26.967 [main] WARN  n.processor.TaskPollingMonitor - Killing running tasks (1)
May-14 12:50:26.996 [main] DEBUG nextflow.trace.WorkflowStatsObserver - Workflow completed > WorkflowStats[succeededCount=2; failedCount=0; ignoredCount=0; cachedCount=0; pendingCount=0; submittedCount=0; runningCount=0; retriesCount=0; abortedCount=1; succeedDuration=30.3s; failedDuration=0ms; cachedDuration=0ms;loadCpus=0; loadMemory=0; peakRunning=1; peakCpus=4; peakMemory=8 GB; ]
May-14 12:50:26.996 [main] DEBUG nextflow.trace.TraceFileObserver - Workflow completed -- saving trace file
May-14 12:50:27.004 [main] DEBUG nextflow.trace.ReportObserver - Workflow completed -- rendering execution report
May-14 12:50:27.021 [Actor Thread 9] DEBUG nextflow.sort.BigSort - Sort completed -- entries: 1; slices: 1; internal sort time: 0.004 s; external sort time: 0.061 s; total time: 0.065 s
May-14 12:50:27.037 [Actor Thread 9] DEBUG nextflow.file.FileCollector - Saved collect-files list to: /home/charlie/Documents/BactBook/bactopia-workshop/work/collect-file/a250decdbc3197aa9316d160291260af
May-14 12:50:27.065 [Actor Thread 9] DEBUG nextflow.file.FileCollector - Deleting file collector temp dir: /tmp/nxf-12901831370303309501
May-14 12:50:27.092 [main] DEBUG nextflow.trace.ReportObserver - Execution report summary data:
  [{"cpuUsage":{"mean":45.23,"min":45.23,"q1":45.23,"q2":45.23,"q3":45.23,"max":45.23,"minLabel":"BACTOPIA:GATHER:GATHER_MODULE (test-hybrid)","maxLabel":"BACTOPIA:GATHER:GATHER_MODULE (test-hybrid)","q1Label":"BACTOPIA:GATHER:GATHER_MODULE (test-hybrid)","q2Label":"BACTOPIA:GATHER:GATHER_MODULE (test-hybrid)","q3Label":"BACTOPIA:GATHER:GATHER_MODULE (test-hybrid)"},"process":"GATHER_MODULE","mem":{"mean":1008652288,"min":1008652288,"q1":1008652288,"q2":1008652288,"q3":1008652288,"max":1008652288,"minLabel":"BACTOPIA:GATHER:GATHER_MODULE (test-hybrid)","maxLabel":"BACTOPIA:GATHER:GATHER_MODULE (test-hybrid)","q1Label":"BACTOPIA:GATHER:GATHER_MODULE (test-hybrid)","q2Label":"BACTOPIA:GATHER:GATHER_MODULE (test-hybrid)","q3Label":"BACTOPIA:GATHER:GATHER_MODULE (test-hybrid)"},"memUsage":{"mean":11.74,"min":11.74,"q1":11.74,"q2":11.74,"q3":11.74,"max":11.74,"minLabel":"BACTOPIA:GATHER:GATHER_MODULE (test-hybrid)","maxLabel":"BACTOPIA:GATHER:GATHER_MODULE (test-hybrid)","q1Label":"BACTOPIA:GATHER:GATHER_MODULE (test-hybrid)","q2Label":"BACTOPIA:GATHER:GATHER_MODULE (test-hybrid)","q3Label":"BACTOPIA:GATHER:GATHER_MODULE (test-hybrid)"},"timeUsage":{"mean":0.11,"min":0.11,"q1":0.11,"q2":0.11,"q3":0.11,"max":0.11,"minLabel":"BACTOPIA:GATHER:GATHER_MODULE (test-hybrid)","maxLabel":"BACTOPIA:GATHER:GATHER_MODULE (test-hybrid)","q1Label":"BACTOPIA:GATHER:GATHER_MODULE (test-hybrid)","q2Label":"BACTOPIA:GATHER:GATHER_MODULE (test-hybrid)","q3Label":"BACTOPIA:GATHER:GATHER_MODULE (test-hybrid)"},"vmem":{"mean":5897654272,"min":5897654272,"q1":5897654272,"q2":5897654272,"q3":5897654272,"max":5897654272,"minLabel":"BACTOPIA:GATHER:GATHER_MODULE (test-hybrid)","maxLabel":"BACTOPIA:GATHER:GATHER_MODULE (test-hybrid)","q1Label":"BACTOPIA:GATHER:GATHER_MODULE (test-hybrid)","q2Label":"BACTOPIA:GATHER:GATHER_MODULE (test-hybrid)","q3Label":"BACTOPIA:GATHER:GATHER_MODULE (test-hybrid)"},"reads":{"mean":181576826,"min":181576826,"q1":181576826,"q2":181576826,"q3":181576826,"max":181576826,"minLabel":"BACTOPIA:GATHER:GATHER_MODULE (test-hybrid)","maxLabel":"BACTOPIA:GATHER:GATHER_MODULE (test-hybrid)","q1Label":"BACTOPIA:GATHER:GATHER_MODULE (test-hybrid)","q2Label":"BACTOPIA:GATHER:GATHER_MODULE (test-hybrid)","q3Label":"BACTOPIA:GATHER:GATHER_MODULE (test-hybrid)"},"cpu":{"mean":180.9,"min":180.9,"q1":180.9,"q2":180.9,"q3":180.9,"max":180.9,"minLabel":"BACTOPIA:GATHER:GATHER_MODULE (test-hybrid)","maxLabel":"BACTOPIA:GATHER:GATHER_MODULE (test-hybrid)","q1Label":"BACTOPIA:GATHER:GATHER_MODULE (test-hybrid)","q2Label":"BACTOPIA:GATHER:GATHER_MODULE (test-hybrid)","q3Label":"BACTOPIA:GATHER:GATHER_MODULE (test-hybrid)"},"time":{"mean":7586,"min":7586,"q1":7586,"q2":7586,"q3":7586,"max":7586,"minLabel":"BACTOPIA:GATHER:GATHER_MODULE (test-hybrid)","maxLabel":"BACTOPIA:GATHER:GATHER_MODULE (test-hybrid)","q1Label":"BACTOPIA:GATHER:GATHER_MODULE (test-hybrid)","q2Label":"BACTOPIA:GATHER:GATHER_MODULE (test-hybrid)","q3Label":"BACTOPIA:GATHER:GATHER_MODULE (test-hybrid)"},"writes":{"mean":178842498,"min":178842498,"q1":178842498,"q2":178842498,"q3":178842498,"max":178842498,"minLabel":"BACTOPIA:GATHER:GATHER_MODULE (test-hybrid)","maxLabel":"BACTOPIA:GATHER:GATHER_MODULE (test-hybrid)","q1Label":"BACTOPIA:GATHER:GATHER_MODULE (test-hybrid)","q2Label":"BACTOPIA:GATHER:GATHER_MODULE (test-hybrid)","q3Label":"BACTOPIA:GATHER:GATHER_MODULE (test-hybrid)"}},{"cpuUsage":{"mean":31.38,"min":31.38,"q1":31.38,"q2":31.38,"q3":31.38,"max":31.38,"minLabel":"BACTOPIA:GATHER:CSVTK_CONCAT (meta)","maxLabel":"BACTOPIA:GATHER:CSVTK_CONCAT (meta)","q1Label":"BACTOPIA:GATHER:CSVTK_CONCAT (meta)","q2Label":"BACTOPIA:GATHER:CSVTK_CONCAT (meta)","q3Label":"BACTOPIA:GATHER:CSVTK_CONCAT (meta)"},"process":"CSVTK_CONCAT","mem":{"mean":3125248,"min":3125248,"q1":3125248,"q2":3125248,"q3":3125248,"max":3125248,"minLabel":"BACTOPIA:GATHER:CSVTK_CONCAT (meta)","maxLabel":"BACTOPIA:GATHER:CSVTK_CONCAT (meta)","q1Label":"BACTOPIA:GATHER:CSVTK_CONCAT (meta)","q2Label":"BACTOPIA:GATHER:CSVTK_CONCAT (meta)","q3Label":"BACTOPIA:GATHER:CSVTK_CONCAT (meta)"},"memUsage":{"mean":0.04,"min":0.04,"q1":0.04,"q2":0.04,"q3":0.04,"max":0.04,"minLabel":"BACTOPIA:GATHER:CSVTK_CONCAT (meta)","maxLabel":"BACTOPIA:GATHER:CSVTK_CONCAT (meta)","q1Label":"BACTOPIA:GATHER:CSVTK_CONCAT (meta)","q2Label":"BACTOPIA:GATHER:CSVTK_CONCAT (meta)","q3Label":"BACTOPIA:GATHER:CSVTK_CONCAT (meta)"},"timeUsage":null,"vmem":{"mean":5644288,"min":5644288,"q1":5644288,"q2":5644288,"q3":5644288,"max":5644288,"minLabel":"BACTOPIA:GATHER:CSVTK_CONCAT (meta)","maxLabel":"BACTOPIA:GATHER:CSVTK_CONCAT (meta)","q1Label":"BACTOPIA:GATHER:CSVTK_CONCAT (meta)","q2Label":"BACTOPIA:GATHER:CSVTK_CONCAT (meta)","q3Label":"BACTOPIA:GATHER:CSVTK_CONCAT (meta)"},"reads":{"mean":56080,"min":56080,"q1":56080,"q2":56080,"q3":56080,"max":56080,"minLabel":"BACTOPIA:GATHER:CSVTK_CONCAT (meta)","maxLabel":"BACTOPIA:GATHER:CSVTK_CONCAT (meta)","q1Label":"BACTOPIA:GATHER:CSVTK_CONCAT (meta)","q2Label":"BACTOPIA:GATHER:CSVTK_CONCAT (meta)","q3Label":"BACTOPIA:GATHER:CSVTK_CONCAT (meta)"},"cpu":{"mean":125.5,"min":125.5,"q1":125.5,"q2":125.5,"q3":125.5,"max":125.5,"minLabel":"BACTOPIA:GATHER:CSVTK_CONCAT (meta)","maxLabel":"BACTOPIA:GATHER:CSVTK_CONCAT (meta)","q1Label":"BACTOPIA:GATHER:CSVTK_CONCAT (meta)","q2Label":"BACTOPIA:GATHER:CSVTK_CONCAT (meta)","q3Label":"BACTOPIA:GATHER:CSVTK_CONCAT (meta)"},"time":null,"writes":{"mean":401,"min":401,"q1":401,"q2":401,"q3":401,"max":401,"minLabel":"BACTOPIA:GATHER:CSVTK_CONCAT (meta)","maxLabel":"BACTOPIA:GATHER:CSVTK_CONCAT (meta)","q1Label":"BACTOPIA:GATHER:CSVTK_CONCAT (meta)","q2Label":"BACTOPIA:GATHER:CSVTK_CONCAT (meta)","q3Label":"BACTOPIA:GATHER:CSVTK_CONCAT (meta)"}},{"cpuUsage":null,"process":"QC_MODULE","mem":null,"memUsage":null,"timeUsage":null,"vmem":null,"reads":null,"cpu":null,"time":null,"writes":null}]
May-14 12:50:27.945 [SIGINT handler] INFO  nextflow.Session - Adieu
