[shovill] Hello stranger
[shovill] You ran: /usr/local/bin/shovill --R1 SRR2838702_R1.fastq.gz --R2 SRR2838702_R2.fastq.gz --gsize 358242 --outdir results --assembler skesa --minlen 500 --mincov 2 --force --keepfiles --depth 0 --noreadcorr --namefmt SRR2838702_%05d --cpus 2 --ram 5
[shovill] This is shovill 1.1.0
[shovill] Written by Torsten Seemann
[shovill] Homepage is https://github.com/tseemann/shovill
[shovill] Operating system is linux
[shovill] Perl version is v5.32.1
[shovill] Machine has 8 CPU cores and 15.53 GB RAM
[shovill] Using bwa - /usr/local/bin/bwa | Version: 0.7.17-r1188
[shovill] Using flash - /usr/local/bin/flash | FLASH v1.2.11
[shovill] Using java - /usr/local/bin/java | openjdk version "11.0.15-internal" 2022-04-19
[shovill] Using kmc - /usr/local/bin/kmc | K-Mer Counter (KMC) ver. 3.2.1 (2022-01-04)
[shovill] Using lighter - /usr/local/bin/lighter | Lighter v1.1.2
[shovill] Using megahit - /usr/local/bin/megahit | MEGAHIT v1.2.9
[shovill] Using megahit_toolkit - /usr/local/bin/megahit_toolkit | v1.2.9
[shovill] Using pigz - /usr/local/bin/pigz | pigz 2.6
[shovill] Using pilon - /usr/local/bin/pilon | Pilon version 1.24 Thu Jan 28 13:00:45 2021 -0500
[shovill] Using samclip - /usr/local/bin/samclip | samclip 0.4.0
[shovill] Using samtools - /usr/local/bin/samtools | Version: 1.15 (using htslib 1.14)
[shovill] Using seqtk - /usr/local/bin/seqtk | Version: 1.3-r106
[shovill] Using skesa - /usr/local/bin/skesa | SKESA 2.4.0
[shovill] Using spades.py - /usr/local/bin/spades.py | SPAdes genome assembler v3.15.5
[shovill] Using trimmomatic - /usr/local/bin/trimmomatic | 0.39
[shovill] Using velvetg - /usr/local/bin/velvetg | Version 1.2.10
[shovill] Using velveth - /usr/local/bin/velveth | Version 1.2.10
[shovill] Found spades version: 003015000
[shovill] Using tempdir: /tmp/1nWhR8T1ZS
[shovill] Changing into folder: /home/charlie/Documents/BactBook/bactopia-workshop/work/35/e8b1664b70af8eae2983eb5bfe53b5/results
[shovill] Collecting raw read statistics with 'seqtk'
[shovill] Running: seqtk fqchk -q3 \/home\/charlie\/Documents\/BactBook\/bactopia\-workshop\/work\/94\/78b59e13a11538780b19faa1510b2c\/results\/SRR2838702_R1\.fastq\.gz >/tmp/ruqC_sroEu 2>&1 | sed 's/^/[seqtk] /' | tee -a shovill.log
[shovill] Read stats: total_bp = 19528942
[shovill] Read stats: avg_len = 101
[shovill] Read stats: max_len = 101
[shovill] Read stats: min_len = 64
[shovill] Using genome size 358242 bp
[shovill] Estimated sequencing depth: 54 x
[shovill] No read depth reduction requested or necessary.
[shovill] Appending -Xmx5g to _JAVA_OPTIONS
[shovill] Running: ln -sf \/home\/charlie\/Documents\/BactBook\/bactopia\-workshop\/work\/94\/78b59e13a11538780b19faa1510b2c\/results\/SRR2838702_R1\.fastq\.gz R1.fq.gz 2>&1 | sed 's/^/[ln] /' | tee -a shovill.log
[shovill] Running: ln -sf \/home\/charlie\/Documents\/BactBook\/bactopia\-workshop\/work\/94\/78b59e13a11538780b19faa1510b2c\/results\/SRR2838702_R2\.fastq\.gz R2.fq.gz 2>&1 | sed 's/^/[ln] /' | tee -a shovill.log
[shovill] Average read length looks like 101 bp
[shovill] Setting k-mer range to (31 .. 75)
[shovill] Estimated K-mers: 31 43 55 67 [kn=5, ks=12, kmin=31, kmax=75]
[shovill] Using kmers: 31,43,55,67
[shovill] Enabled --noreadcorr, so no read correction will be performed
[shovill] Overlapping/stitching PE reads with 'FLASH'
[shovill] Running: flash -m 20 -M 101 -d . -o flash -z -t 2 R1.fq.gz R2.fq.gz 2>&1 | sed 's/^//' | tee -a shovill.log
[FLASH] Starting FLASH v1.2.11
[FLASH] Fast Length Adjustment of SHort reads
[FLASH]  
[FLASH] Input files:
[FLASH]     R1.fq.gz
[FLASH]     R2.fq.gz
[FLASH]  
[FLASH] Output files:
[FLASH]     ./flash.extendedFrags.fastq.gz
[FLASH]     ./flash.notCombined_1.fastq.gz
[FLASH]     ./flash.notCombined_2.fastq.gz
[FLASH]     ./flash.hist
[FLASH]     ./flash.histogram
[FLASH]  
[FLASH] Parameters:
[FLASH]     Min overlap:           20
[FLASH]     Max overlap:           101
[FLASH]     Max mismatch density:  0.250000
[FLASH]     Allow "outie" pairs:   false
[FLASH]     Cap mismatch quals:    false
[FLASH]     Combiner threads:      2
[FLASH]     Input format:          FASTQ, phred_offset=33
[FLASH]     Output format:         FASTQ, phred_offset=33, gzip
[FLASH]  
[FLASH] Starting reader and writer threads
[FLASH] Starting 2 combiner threads
[FLASH] Processed 25000 read pairs
[FLASH] Processed 50000 read pairs
[FLASH] Processed 75000 read pairs
[FLASH] Processed 96680 read pairs
[FLASH]  
[FLASH] Read combination statistics:
[FLASH]     Total pairs:      96680
[FLASH]     Combined pairs:   50
[FLASH]     Uncombined pairs: 96630
[FLASH]     Percent combined: 0.05%
[FLASH]  
[FLASH] Writing histogram files.
[FLASH]  
[FLASH] FLASH v1.2.11 complete!
[FLASH] 6.751 seconds elapsed
[shovill] Assembling reads with 'skesa'
[shovill] Running: skesa --gz  --fastq flash.extendedFrags.fastq.gz --fastq flash.notCombined_1.fastq.gz,flash.notCombined_2.fastq.gz --use_paired_ends --contigs_out skesa.fasta --min_contig 1 --memory 5 --cores 2 --vector_percent 1 2>&1 | sed 's/^/[skesa] /' | tee -a shovill.log
[skesa] skesa --gz --fastq flash.extendedFrags.fastq.gz --fastq flash.notCombined_1.fastq.gz,flash.notCombined_2.fastq.gz --use_paired_ends --contigs_out skesa.fasta --min_contig 1 --memory 5 --cores 2 --vector_percent 1 
[skesa] 
[skesa] WARNING: option --gz is deprecated - gzipped files are now recognized automatically
[skesa] Total mates: 193310 Paired reads: 96630
[skesa] Reads acquired in  0.749601s wall, 0.730000s user + 0.010000s system = 0.740000s CPU (98.7%)
[skesa] Adapters clip is disabled
[skesa] 
[skesa] Kmer len: 21
[skesa] Raw kmers: 15439774 Memory needed (GB): 0.296444 Memory available (GB): 2.98682 1 cycle(s) will be performed
[skesa] Distinct kmers: 283645
[skesa] Kmer count in  1.346704s wall, 2.520000s user + 0.140000s system = 2.660000s CPU (197.5%)
[skesa] Uniq kmers merging in  0.004859s wall, 0.010000s user + 0.000000s system = 0.010000s CPU (205.8%)
[skesa] Kmers branching in  0.145694s wall, 0.280000s user + 0.000000s system = 0.280000s CPU (192.2%)
[skesa] 
[skesa] Average read length: 100
[skesa] Genome size estimate: 263600
[skesa] 
[skesa] Kmer: 21 Graph size: 283645 Contigs in: 0
[skesa] Valley: 0
[skesa] 
[skesa] Mark used kmers in  0.000001s wall, 0.000000s user + 0.000000s system = 0.000000s CPU (n/a%)
[skesa] Kmers in multiple/single contigs: 0 0
[skesa] Fragments before: 658 225766
[skesa] Fragments after: 650 225746
[skesa] New seeds: 375
[skesa] New seeds in  0.870860s wall, 1.760000s user + 0.020000s system = 1.780000s CPU (204.4%)
[skesa] Fragments before: 750 15750
[skesa] Fragments after: 750 15750
[skesa] Connectors: 0 Extenders: 750
[skesa] Connections and extensions in  0.037847s wall, 0.070000s user + 0.000000s system = 0.070000s CPU (185.0%)
[skesa] Contigs out: 375 Genome: 193157 N50: 1498 L50: 34
[skesa] Assembled in  0.909602s wall, 1.830000s user + 0.020000s system = 1.850000s CPU (203.4%)
[skesa] 
[skesa] 
[skesa] Kmer len: 55
[skesa] Raw kmers: 8873017 Memory needed (GB): 0.255543 Memory available (GB): 2.98173 1 cycle(s) will be performed
[skesa] Distinct kmers: 247534
[skesa] Kmer count in  0.832121s wall, 1.590000s user + 0.050000s system = 1.640000s CPU (197.1%)
[skesa] Uniq kmers merging in  0.015248s wall, 0.010000s user + 0.010000s system = 0.020000s CPU (131.2%)
[skesa] 
[skesa] Average count: 17.8442 Max kmer: 55
[skesa] Connected: 8409 ambiguously connected: 404 from 10000 mate pairs
[skesa] Connect pairs in  14.381183s wall, 28.770000s user + 0.050000s system = 28.820000s CPU (200.4%)
[skesa] 
[skesa] N50 for inserts: 774
[skesa] 
[skesa] Seed kmers: 0
[skesa] Cleaned reads: 139950
[skesa] Reads for connection: 132716
[skesa] Internal reads: 1896
[skesa] Reads cleaned in  1.362815s wall, 2.690000s user + 0.020000s system = 2.710000s CPU (198.9%)
[skesa] 
[skesa] Kmer len: 23
[skesa] Raw kmers: 10896344 Memory needed (GB): 0.20921 Memory available (GB): 2.98318 1 cycle(s) will be performed
[skesa] Distinct kmers: 224566
[skesa] Kmer count in  0.828300s wall, 1.560000s user + 0.100000s system = 1.660000s CPU (200.4%)
[skesa] Uniq kmers merging in  0.008526s wall, 0.000000s user + 0.000000s system = 0.000000s CPU (n/a%)
[skesa] Kmers branching in  0.113624s wall, 0.220000s user + 0.000000s system = 0.220000s CPU (193.6%)
[skesa] Kmer: 23 Graph size: 224566 Contigs in: 375
[skesa] Valley: 0
[skesa] 
[skesa] Mark used kmers in  0.137134s wall, 0.280000s user + 0.000000s system = 0.280000s CPU (204.2%)
[skesa] Kmers in multiple/single contigs: 0 131430
[skesa] Fragments before: 997 38885
[skesa] Fragments after: 983 38863
[skesa] New seeds: 10
[skesa] New seeds in  0.481492s wall, 0.960000s user + 0.010000s system = 0.970000s CPU (201.5%)
[skesa] Fragments before: 769 22757
[skesa] Fragments after: 752 22757
[skesa] Connectors: 17 Extenders: 735
[skesa] Connections and extensions in  0.038855s wall, 0.080000s user + 0.000000s system = 0.080000s CPU (205.9%)
[skesa] Contigs out: 368 Genome: 194679 N50: 1608 L50: 31
[skesa] Assembled in  0.664749s wall, 1.330000s user + 0.010000s system = 1.340000s CPU (201.6%)
[skesa] 
[skesa] Seed kmers: 0
[skesa] Cleaned reads: 128401
[skesa] Reads for connection: 121610
[skesa] Internal reads: 1607
[skesa] Reads cleaned in  1.081444s wall, 2.140000s user + 0.000000s system = 2.140000s CPU (197.9%)
[skesa] 
[skesa] Kmer len: 27
[skesa] Raw kmers: 9483221 Memory needed (GB): 0.182078 Memory available (GB): 2.98257 1 cycle(s) will be performed
[skesa] Distinct kmers: 210533
[skesa] Kmer count in  0.742658s wall, 1.420000s user + 0.060000s system = 1.480000s CPU (199.3%)
[skesa] Uniq kmers merging in  0.004162s wall, 0.010000s user + 0.000000s system = 0.010000s CPU (240.3%)
[skesa] Kmers branching in  0.105053s wall, 0.210000s user + 0.000000s system = 0.210000s CPU (199.9%)
[skesa] Kmer: 27 Graph size: 210533 Contigs in: 368
[skesa] Valley: 0
[skesa] 
[skesa] Mark used kmers in  0.124705s wall, 0.250000s user + 0.000000s system = 0.250000s CPU (200.5%)
[skesa] Kmers in multiple/single contigs: 0 120604
[skesa] Fragments before: 896 33943
[skesa] Fragments after: 890 33943
[skesa] New seeds: 5
[skesa] New seeds in  0.457400s wall, 0.920000s user + 0.000000s system = 0.920000s CPU (201.1%)
[skesa] Fragments before: 742 22273
[skesa] Fragments after: 727 22273
[skesa] Connectors: 15 Extenders: 712
[skesa] Connections and extensions in  0.038570s wall, 0.080000s user + 0.000000s system = 0.080000s CPU (207.4%)
[skesa] Contigs out: 358 Genome: 196117 N50: 1608 L50: 31
[skesa] Assembled in  0.627588s wall, 1.260000s user + 0.000000s system = 1.260000s CPU (200.8%)
[skesa] 
[skesa] Seed kmers: 0
[skesa] Cleaned reads: 124299
[skesa] Reads for connection: 117508
[skesa] Internal reads: 1625
[skesa] Reads cleaned in  1.035897s wall, 2.040000s user + 0.010000s system = 2.050000s CPU (197.9%)
[skesa] 
[skesa] Kmer len: 31
[skesa] Raw kmers: 8684429 Memory needed (GB): 0.166741 Memory available (GB): 2.97912 1 cycle(s) will be performed
[skesa] Distinct kmers: 203009
[skesa] Kmer count in  0.663990s wall, 1.260000s user + 0.060000s system = 1.320000s CPU (198.8%)
[skesa] Uniq kmers merging in  0.033857s wall, 0.030000s user + 0.010000s system = 0.040000s CPU (118.1%)
[skesa] Kmers branching in  0.430331s wall, 0.870000s user + 0.010000s system = 0.880000s CPU (204.5%)
[skesa] Kmer: 31 Graph size: 203009 Contigs in: 358
[skesa] Valley: 0
[skesa] 
[skesa] Mark used kmers in  0.020935s wall, 0.050000s user + 0.000000s system = 0.050000s CPU (238.8%)
[skesa] Kmers in multiple/single contigs: 0 116522
[skesa] Fragments before: 849 29882
[skesa] Fragments after: 837 29882
[skesa] New seeds: 3
[skesa] New seeds in  0.087670s wall, 0.160000s user + 0.000000s system = 0.160000s CPU (182.5%)
[skesa] Fragments before: 715 21090
[skesa] Fragments after: 705 21090
[skesa] Connectors: 10 Extenders: 695
[skesa] Connections and extensions in  0.040673s wall, 0.080000s user + 0.000000s system = 0.080000s CPU (196.7%)
[skesa] Contigs out: 351 Genome: 196729 N50: 1635 L50: 30
[skesa] Assembled in  0.150179s wall, 0.290000s user + 0.000000s system = 0.290000s CPU (193.1%)
[skesa] 
[skesa] Seed kmers: 0
[skesa] Cleaned reads: 121933
[skesa] Reads for connection: 115370
[skesa] Internal reads: 1566
[skesa] Reads cleaned in  1.007348s wall, 1.990000s user + 0.010000s system = 2.000000s CPU (198.5%)
[skesa] 
[skesa] Kmer len: 35
[skesa] Raw kmers: 8033349 Memory needed (GB): 0.23136 Memory available (GB): 2.97595 1 cycle(s) will be performed
[skesa] Distinct kmers: 195740
[skesa] Kmer count in  0.818474s wall, 1.570000s user + 0.060000s system = 1.630000s CPU (199.2%)
[skesa] Uniq kmers merging in  0.006213s wall, 0.000000s user + 0.000000s system = 0.000000s CPU (n/a%)
[skesa] Kmers branching in  0.350298s wall, 0.700000s user + 0.010000s system = 0.710000s CPU (202.7%)
[skesa] Kmer: 35 Graph size: 195740 Contigs in: 351
[skesa] Valley: 0
[skesa] 
[skesa] Mark used kmers in  0.168139s wall, 0.340000s user + 0.000000s system = 0.340000s CPU (202.2%)
[skesa] Kmers in multiple/single contigs: 0 112093
[skesa] Fragments before: 708 20927
[skesa] Fragments after: 702 20927
[skesa] New seeds: 1
[skesa] New seeds in  0.715218s wall, 1.430000s user + 0.020000s system = 1.450000s CPU (202.7%)
[skesa] Fragments before: 694 20332
[skesa] Fragments after: 687 20332
[skesa] Connectors: 7 Extenders: 680
[skesa] Connections and extensions in  0.058913s wall, 0.120000s user + 0.000000s system = 0.120000s CPU (203.7%)
[skesa] Contigs out: 345 Genome: 197155 N50: 1793 L50: 30
[skesa] Assembled in  0.949103s wall, 1.900000s user + 0.020000s system = 1.920000s CPU (202.3%)
[skesa] 
[skesa] Seed kmers: 0
[skesa] Cleaned reads: 119422
[skesa] Reads for connection: 113144
[skesa] Internal reads: 1480
[skesa] Reads cleaned in  1.048402s wall, 2.070000s user + 0.000000s system = 2.070000s CPU (197.4%)
[skesa] 
[skesa] Kmer len: 37
[skesa] Raw kmers: 7630443 Memory needed (GB): 0.219757 Memory available (GB): 2.97093 1 cycle(s) will be performed
[skesa] Distinct kmers: 190716
[skesa] Kmer count in  0.728755s wall, 1.360000s user + 0.080000s system = 1.440000s CPU (197.6%)
[skesa] Uniq kmers merging in  0.005845s wall, 0.010000s user + 0.000000s system = 0.010000s CPU (171.1%)
[skesa] Kmers branching in  0.118408s wall, 0.240000s user + 0.000000s system = 0.240000s CPU (202.7%)
[skesa] Kmer: 37 Graph size: 190716 Contigs in: 345
[skesa] Valley: 0
[skesa] 
[skesa] Mark used kmers in  0.157347s wall, 0.320000s user + 0.010000s system = 0.330000s CPU (209.7%)
[skesa] Kmers in multiple/single contigs: 0 109351
[skesa] Fragments before: 699 20222
[skesa] Fragments after: 692 20222
[skesa] New seeds: 0
[skesa] New seeds in  0.448690s wall, 0.890000s user + 0.010000s system = 0.900000s CPU (200.6%)
[skesa] Fragments before: 676 19682
[skesa] Fragments after: 676 19682
[skesa] Connectors: 0 Extenders: 676
[skesa] Connections and extensions in  0.041815s wall, 0.080000s user + 0.000000s system = 0.080000s CPU (191.3%)
[skesa] Contigs out: 345 Genome: 197304 N50: 1793 L50: 30
[skesa] Assembled in  0.654602s wall, 1.290000s user + 0.020000s system = 1.310000s CPU (200.1%)
[skesa] 
[skesa] Seed kmers: 0
[skesa] Cleaned reads: 118686
[skesa] Reads for connection: 112422
[skesa] Internal reads: 1482
[skesa] Reads cleaned in  0.957141s wall, 1.890000s user + 0.020000s system = 1.910000s CPU (199.6%)
[skesa] 
[skesa] Kmer len: 41
[skesa] Raw kmers: 7109908 Memory needed (GB): 0.204765 Memory available (GB): 2.96592 1 cycle(s) will be performed
[skesa] Distinct kmers: 184833
[skesa] Kmer count in  0.942229s wall, 1.780000s user + 0.090000s system = 1.870000s CPU (198.5%)
[skesa] Uniq kmers merging in  0.022969s wall, 0.040000s user + 0.000000s system = 0.040000s CPU (174.1%)
[skesa] Kmers branching in  0.244361s wall, 0.480000s user + 0.010000s system = 0.490000s CPU (200.5%)
[skesa] Kmer: 41 Graph size: 184833 Contigs in: 345
[skesa] Valley: 0
[skesa] 
[skesa] Mark used kmers in  0.154724s wall, 0.320000s user + 0.000000s system = 0.320000s CPU (206.8%)
[skesa] Kmers in multiple/single contigs: 0 105983
[skesa] Fragments before: 692 19691
[skesa] Fragments after: 684 19691
[skesa] New seeds: 0
[skesa] New seeds in  0.078767s wall, 0.150000s user + 0.000000s system = 0.150000s CPU (190.4%)
[skesa] Fragments before: 671 19294
[skesa] Fragments after: 668 19294
[skesa] Connectors: 3 Extenders: 665
[skesa] Connections and extensions in  0.050571s wall, 0.090000s user + 0.000000s system = 0.090000s CPU (178.0%)
[skesa] Contigs out: 342 Genome: 197633 N50: 1806 L50: 29
[skesa] Assembled in  0.284742s wall, 0.560000s user + 0.000000s system = 0.560000s CPU (196.7%)
[skesa] 
[skesa] Seed kmers: 0
[skesa] Cleaned reads: 117538
[skesa] Reads for connection: 111328
[skesa] Internal reads: 1477
[skesa] Reads cleaned in  0.930926s wall, 1.830000s user + 0.010000s system = 1.840000s CPU (197.7%)
[skesa] 
[skesa] Kmer len: 45
[skesa] Raw kmers: 6572117 Memory needed (GB): 0.189277 Memory available (GB): 2.96121 1 cycle(s) will be performed
[skesa] Distinct kmers: 175759
[skesa] Kmer count in  0.606754s wall, 1.130000s user + 0.060000s system = 1.190000s CPU (196.1%)
[skesa] Uniq kmers merging in  0.005206s wall, 0.010000s user + 0.000000s system = 0.010000s CPU (192.1%)
[skesa] Kmers branching in  0.111550s wall, 0.220000s user + 0.000000s system = 0.220000s CPU (197.2%)
[skesa] Kmer: 45 Graph size: 175759 Contigs in: 342
[skesa] Valley: 0
[skesa] 
[skesa] Mark used kmers in  0.023394s wall, 0.050000s user + 0.000000s system = 0.050000s CPU (213.7%)
[skesa] Kmers in multiple/single contigs: 0 100030
[skesa] Fragments before: 663 18241
[skesa] Fragments after: 654 18241
[skesa] New seeds: 0
[skesa] New seeds in  0.072867s wall, 0.140000s user + 0.000000s system = 0.140000s CPU (192.1%)
[skesa] Fragments before: 645 18051
[skesa] Fragments after: 642 18051
[skesa] Connectors: 3 Extenders: 639
[skesa] Connections and extensions in  0.040158s wall, 0.070000s user + 0.000000s system = 0.070000s CPU (174.3%)
[skesa] Contigs out: 333 Genome: 197555 N50: 1806 L50: 29
[skesa] Assembled in  0.137189s wall, 0.260000s user + 0.000000s system = 0.260000s CPU (189.5%)
[skesa] 
[skesa] Seed kmers: 0
[skesa] Cleaned reads: 116845
[skesa] Reads for connection: 110638
[skesa] Internal reads: 1483
[skesa] Reads cleaned in  0.838551s wall, 1.670000s user + 0.000000s system = 1.670000s CPU (199.2%)
[skesa] 
[skesa] Kmer len: 47
[skesa] Raw kmers: 6300802 Memory needed (GB): 0.181463 Memory available (GB): 2.95634 1 cycle(s) will be performed
[skesa] Distinct kmers: 172099
[skesa] Kmer count in  0.578513s wall, 1.090000s user + 0.060000s system = 1.150000s CPU (198.8%)
[skesa] Uniq kmers merging in  0.004711s wall, 0.010000s user + 0.000000s system = 0.010000s CPU (212.3%)
[skesa] Kmers branching in  0.106098s wall, 0.210000s user + 0.000000s system = 0.210000s CPU (197.9%)
[skesa] Kmer: 47 Graph size: 172099 Contigs in: 333
[skesa] Valley: 0
[skesa] 
[skesa] Mark used kmers in  0.023520s wall, 0.040000s user + 0.000000s system = 0.040000s CPU (170.1%)
[skesa] Kmers in multiple/single contigs: 0 98359
[skesa] Fragments before: 651 17549
[skesa] Fragments after: 640 17549
[skesa] New seeds: 0
[skesa] New seeds in  0.071024s wall, 0.130000s user + 0.000000s system = 0.130000s CPU (183.0%)
[skesa] Fragments before: 625 17149
[skesa] Fragments after: 625 17149
[skesa] Connectors: 0 Extenders: 625
[skesa] Connections and extensions in  0.039947s wall, 0.080000s user + 0.000000s system = 0.080000s CPU (200.3%)
[skesa] Contigs out: 328 Genome: 197378 N50: 1806 L50: 29
[skesa] Assembled in  0.135271s wall, 0.250000s user + 0.000000s system = 0.250000s CPU (184.8%)
[skesa] 
[skesa] Seed kmers: 0
[skesa] Cleaned reads: 116182
[skesa] Reads for connection: 109966
[skesa] Internal reads: 1488
[skesa] Reads cleaned in  0.793061s wall, 1.570000s user + 0.010000s system = 1.580000s CPU (199.2%)
[skesa] 
[skesa] Kmer len: 51
[skesa] Raw kmers: 5800788 Memory needed (GB): 0.167063 Memory available (GB): 2.95182 1 cycle(s) will be performed
[skesa] Distinct kmers: 164861
[skesa] Kmer count in  0.531275s wall, 1.010000s user + 0.040000s system = 1.050000s CPU (197.6%)
[skesa] Uniq kmers merging in  0.003930s wall, 0.010000s user + 0.000000s system = 0.010000s CPU (254.4%)
[skesa] Kmers branching in  0.101321s wall, 0.200000s user + 0.000000s system = 0.200000s CPU (197.4%)
[skesa] Kmer: 51 Graph size: 164861 Contigs in: 328
[skesa] Valley: 0
[skesa] 
[skesa] Mark used kmers in  0.147797s wall, 0.290000s user + 0.000000s system = 0.290000s CPU (196.2%)
[skesa] Kmers in multiple/single contigs: 0 94234
[skesa] Fragments before: 621 16610
[skesa] Fragments after: 614 16610
[skesa] New seeds: 0
[skesa] New seeds in  0.481885s wall, 0.920000s user + 0.010000s system = 0.930000s CPU (193.0%)
[skesa] Fragments before: 605 16362
[skesa] Fragments after: 603 16362
[skesa] Connectors: 2 Extenders: 601
[skesa] Connections and extensions in  0.095236s wall, 0.180000s user + 0.000000s system = 0.180000s CPU (189.0%)
[skesa] Contigs out: 320 Genome: 197254 N50: 1806 L50: 29
[skesa] Assembled in  0.730807s wall, 1.400000s user + 0.010000s system = 1.410000s CPU (192.9%)
[skesa] 
[skesa] Seed kmers: 0
[skesa] Cleaned reads: 115511
[skesa] Reads for connection: 109276
[skesa] Internal reads: 1506
[skesa] Reads cleaned in  0.721534s wall, 1.430000s user + 0.010000s system = 1.440000s CPU (199.6%)
[skesa] 
[skesa] Kmer len: 55
[skesa] Raw kmers: 5306286 Memory needed (GB): 0.152821 Memory available (GB): 2.94748 1 cycle(s) will be performed
[skesa] Distinct kmers: 157052
[skesa] Kmer count in  0.493857s wall, 0.930000s user + 0.030000s system = 0.960000s CPU (194.4%)
[skesa] Uniq kmers merging in  0.004606s wall, 0.010000s user + 0.000000s system = 0.010000s CPU (217.1%)
[skesa] Kmers branching in  0.183656s wall, 0.370000s user + 0.000000s system = 0.370000s CPU (201.5%)
[skesa] Kmer: 55 Graph size: 157052 Contigs in: 320
[skesa] Valley: 0
[skesa] 
[skesa] Mark used kmers in  0.143630s wall, 0.290000s user + 0.000000s system = 0.290000s CPU (201.9%)
[skesa] Kmers in multiple/single contigs: 0 89954
[skesa] Fragments before: 606 15784
[skesa] Fragments after: 596 15784
[skesa] New seeds: 0
[skesa] New seeds in  0.376984s wall, 0.750000s user + 0.000000s system = 0.750000s CPU (198.9%)
[skesa] Fragments before: 586 15581
[skesa] Fragments after: 583 15581
[skesa] Connectors: 3 Extenders: 580
[skesa] Connections and extensions in  0.038930s wall, 0.070000s user + 0.000000s system = 0.070000s CPU (179.8%)
[skesa] Contigs out: 314 Genome: 197284 N50: 1806 L50: 29
[skesa] Assembled in  0.560529s wall, 1.110000s user + 0.000000s system = 1.110000s CPU (198.0%)
[skesa] 
[skesa] Seed kmers: 0
[skesa] Cleaned reads: 114553
[skesa] Reads for connection: 108424
[skesa] Internal reads: 1489
[skesa] Reads cleaned in  0.664813s wall, 1.310000s user + 0.000000s system = 1.310000s CPU (197.0%)
[skesa] 
[skesa] Connecting mate pairs using kmer length: 21
[skesa] Connected: 44314 ambiguously connected: 1072 from 54212 mate pairs
[skesa] Connect pairs in  76.529616s wall, 151.570000s user + 0.410000s system = 151.980000s CPU (198.6%)
[skesa] 
[skesa] Connecting mate pairs using kmer length: 23
[skesa] Connected: 3 ambiguously connected: 1020 from 1072 mate pairs
[skesa] Connect pairs in  1.436049s wall, 2.860000s user + 0.000000s system = 2.860000s CPU (199.2%)
[skesa] 
[skesa] Connecting mate pairs using kmer length: 27
[skesa] Connected: 17 ambiguously connected: 984 from 1020 mate pairs
[skesa] Connect pairs in  1.021215s wall, 2.040000s user + 0.000000s system = 2.040000s CPU (199.8%)
[skesa] 
[skesa] Connecting mate pairs using kmer length: 31
[skesa] Connected: 0 ambiguously connected: 966 from 984 mate pairs
[skesa] Connect pairs in  0.821191s wall, 1.550000s user + 0.010000s system = 1.560000s CPU (190.0%)
[skesa] 
[skesa] Connecting mate pairs using kmer length: 35
[skesa] Connected: 95 ambiguously connected: 862 from 966 mate pairs
[skesa] Connect pairs in  0.708231s wall, 1.360000s user + 0.000000s system = 1.360000s CPU (192.0%)
[skesa] 
[skesa] Connecting mate pairs using kmer length: 37
[skesa] Connected: 3 ambiguously connected: 855 from 862 mate pairs
[skesa] Connect pairs in  0.686513s wall, 1.320000s user + 0.000000s system = 1.320000s CPU (192.3%)
[skesa] 
[skesa] Connecting mate pairs using kmer length: 41
[skesa] Connected: 4 ambiguously connected: 841 from 855 mate pairs
[skesa] Connect pairs in  0.576718s wall, 1.130000s user + 0.010000s system = 1.140000s CPU (197.7%)
[skesa] 
[skesa] Connecting mate pairs using kmer length: 45
[skesa] Connected: 4 ambiguously connected: 767 from 841 mate pairs
[skesa] Connect pairs in  0.542317s wall, 1.050000s user + 0.000000s system = 1.050000s CPU (193.6%)
[skesa] 
[skesa] Connecting mate pairs using kmer length: 47
[skesa] Connected: 3 ambiguously connected: 764 from 767 mate pairs
[skesa] Connect pairs in  0.518868s wall, 1.000000s user + 0.010000s system = 1.010000s CPU (194.7%)
[skesa] 
[skesa] Connecting mate pairs using kmer length: 51
[skesa] Connected: 0 ambiguously connected: 759 from 764 mate pairs
[skesa] Connect pairs in  0.464755s wall, 0.920000s user + 0.000000s system = 0.920000s CPU (198.0%)
[skesa] 
[skesa] Connecting mate pairs using kmer length: 55
[skesa] Connected: 1 ambiguously connected: 755 from 759 mate pairs
[skesa] Connect pairs in  0.497368s wall, 0.980000s user + 0.000000s system = 0.980000s CPU (197.0%)
[skesa] Totally connected: 44444
[skesa] Added notconnected: 1510
[skesa] 
[skesa] Kmer len: 67
[skesa] Raw kmers: 34654360 Memory needed (GB): 1.33073 Memory available (GB): 2.9296 1 cycle(s) will be performed
[skesa] Distinct kmers: 106377
[skesa] Kmer count in  4.053930s wall, 7.240000s user + 0.750000s system = 7.990000s CPU (197.1%)
[skesa] Uniq kmers merging in  0.002958s wall, 0.000000s user + 0.000000s system = 0.000000s CPU (n/a%)
[skesa] Kmers branching in  0.073416s wall, 0.140000s user + 0.000000s system = 0.140000s CPU (190.7%)
[skesa] Kmer: 67 Graph size: 106377 Contigs in: 314
[skesa] Valley: 0
[skesa] 
[skesa] Mark used kmers in  0.151734s wall, 0.310000s user + 0.000000s system = 0.310000s CPU (204.3%)
[skesa] Kmers in multiple/single contigs: 0 100666
[skesa] Fragments before: 153 5308
[skesa] Fragments after: 149 5308
[skesa] New seeds: 1
[skesa] New seeds in  0.027941s wall, 0.050000s user + 0.000000s system = 0.050000s CPU (178.9%)
[skesa] Fragments before: 156 5095
[skesa] Fragments after: 149 5095
[skesa] Connectors: 7 Extenders: 142
[skesa] Connections and extensions in  0.028147s wall, 0.060000s user + 0.000000s system = 0.060000s CPU (213.2%)
[skesa] Contigs out: 279 Genome: 196106 N50: 1822 L50: 27
[skesa] Assembled in  0.209997s wall, 0.420000s user + 0.000000s system = 0.420000s CPU (200.0%)
[skesa] 
[skesa] 
[skesa] Kmer len: 289
[skesa] Raw kmers: 24194005 Memory needed (GB): 2.55489 Memory available (GB): 2.92581 1 cycle(s) will be performed
[skesa] Distinct kmers: 74764
[skesa] Kmer count in  5.698219s wall, 9.860000s user + 1.300000s system = 11.160000s CPU (195.9%)
[skesa] Uniq kmers merging in  0.003821s wall, 0.000000s user + 0.000000s system = 0.000000s CPU (n/a%)
[skesa] Kmers branching in  0.079522s wall, 0.160000s user + 0.000000s system = 0.160000s CPU (201.2%)
[skesa] Kmer: 289 Graph size: 74764 Contigs in: 279
[skesa] Valley: 0
[skesa] 
[skesa] Mark used kmers in  0.170903s wall, 0.340000s user + 0.010000s system = 0.350000s CPU (204.8%)
[skesa] Kmers in multiple/single contigs: 0 70972
[skesa] Fragments before: 111 3359
[skesa] Fragments after: 110 3359
[skesa] New seeds: 0
[skesa] New seeds in  0.029798s wall, 0.060000s user + 0.000000s system = 0.060000s CPU (201.4%)
[skesa] Fragments before: 109 3283
[skesa] Fragments after: 109 3283
[skesa] Connectors: 0 Extenders: 109
[skesa] Connections and extensions in  0.037110s wall, 0.070000s user + 0.000000s system = 0.070000s CPU (188.6%)
[skesa] Contigs out: 121 Genome: 174322 N50: 2254 L50: 21
[skesa] Assembled in  0.240561s wall, 0.470000s user + 0.010000s system = 0.480000s CPU (199.5%)
[skesa] 
[skesa] 
[skesa] Kmer len: 511
[skesa] Raw kmers: 13936735 Memory needed (GB): 2.27448 Memory available (GB): 2.91891 1 cycle(s) will be performed
[skesa] Distinct kmers: 46249
[skesa] Kmer count in  4.680306s wall, 7.980000s user + 1.220000s system = 9.200000s CPU (196.6%)
[skesa] Uniq kmers merging in  0.003522s wall, 0.000000s user + 0.000000s system = 0.000000s CPU (n/a%)
[skesa] Kmers branching in  0.400318s wall, 0.810000s user + 0.020000s system = 0.830000s CPU (207.3%)
[skesa] Kmer: 511 Graph size: 46249 Contigs in: 121
[skesa] Valley: 0
[skesa] 
[skesa] Mark used kmers in  0.154395s wall, 0.320000s user + 0.000000s system = 0.320000s CPU (207.3%)
[skesa] Kmers in multiple/single contigs: 0 43069
[skesa] Fragments before: 94 2902
[skesa] Fragments after: 91 2902
[skesa] New seeds: 0
[skesa] New seeds in  0.039674s wall, 0.070000s user + 0.000000s system = 0.070000s CPU (176.4%)
[skesa] Fragments before: 90 2736
[skesa] Fragments after: 90 2736
[skesa] Connectors: 0 Extenders: 90
[skesa] Connections and extensions in  0.052980s wall, 0.090000s user + 0.000000s system = 0.090000s CPU (169.9%)
[skesa] Contigs out: 80 Genome: 159095 N50: 2584 L50: 18
[skesa] Assembled in  0.247293s wall, 0.480000s user + 0.000000s system = 0.480000s CPU (194.1%)
[skesa] 
[skesa] DONE
[shovill] Checking for assembly errors in skesa.fasta
[shovill] Running: bwa index skesa.fasta 2>&1 | sed 's/^/[bwa-index] /' | tee -a shovill.log
[bwa-index] [bwa_index] Pack FASTA... 0.01 sec
[bwa-index] [bwa_index] Construct BWT for the packed sequence...
[bwa-index] [bwa_index] 0.02 seconds elapse.
[bwa-index] [bwa_index] Update BWT... 0.00 sec
[bwa-index] [bwa_index] Pack forward-only FASTA... 0.00 sec
[bwa-index] [bwa_index] Construct SA from BWT and Occ... 0.01 sec
[bwa-index] [main] Version: 0.7.17-r1188
[bwa-index] [main] CMD: bwa index skesa.fasta
[bwa-index] [main] Real time: 0.080 sec; CPU: 0.044 sec
[shovill] Running: samtools faidx skesa.fasta 2>&1 | sed 's/^/[faidx] /' | tee -a shovill.log
[shovill] Running: (bwa mem -v 3 -x intractg -t 2 skesa.fasta R1.fq.gz R2.fq.gz | samclip --ref skesa.fasta.fai | samtools sort --threads 1 -m 2048m --reference skesa.fasta -T /tmp/1nWhR8T1ZS -o shovill.bam) 2>&1 | sed 's/^/[bwa+samtools-sort] /' | tee -a shovill.log
[bwa+samtools-sort] [M::bwa_idx_load_from_disk] read 0 ALT contigs
[bwa+samtools-sort] [samclip] samclip 0.4.0 by Torsten Seemann (@torstenseemann)
[bwa+samtools-sort] [samclip] Loading: skesa.fasta.fai
[bwa+samtools-sort] [samclip] Found 80 sequences in skesa.fasta.fai
[bwa+samtools-sort] [M::process] read 193360 sequences (19310210 bp)...
[bwa+samtools-sort] [M::mem_pestat] # candidate unique pairs for (FF, FR, RF, RR): (5, 88159, 1, 0)
[bwa+samtools-sort] [M::mem_pestat] skip orientation FF as there are not enough pairs
[bwa+samtools-sort] [M::mem_pestat] analyzing insert size distribution for orientation FR...
[bwa+samtools-sort] [M::mem_pestat] (25, 50, 75) percentile: (760, 773, 786)
[bwa+samtools-sort] [M::mem_pestat] low and high boundaries for computing mean and std.dev: (708, 838)
[bwa+samtools-sort] [M::mem_pestat] mean and std.dev: (774.09, 18.31)
[bwa+samtools-sort] [M::mem_pestat] low and high boundaries for proper pairs: (682, 864)
[bwa+samtools-sort] [M::mem_pestat] skip orientation RF as there are not enough pairs
[bwa+samtools-sort] [M::mem_pestat] skip orientation RR as there are not enough pairs
[bwa+samtools-sort] [M::mem_process_seqs] Processed 193360 reads in 4.764 CPU sec, 2.398 real sec
[bwa+samtools-sort] [samclip] Processed 100000 records...
[bwa+samtools-sort] [main] Version: 0.7.17-r1188
[bwa+samtools-sort] [main] CMD: bwa mem -v 3 -x intractg -t 2 skesa.fasta R1.fq.gz R2.fq.gz
[bwa+samtools-sort] [main] Real time: 3.398 sec; CPU: 5.239 sec
[bwa+samtools-sort] [samclip] Total SAM records 193436, removed 3143, allowed 76302, passed 190293
[bwa+samtools-sort] [samclip] Header contained 81 lines
[bwa+samtools-sort] [samclip] Done.
[shovill] Running: samtools index shovill.bam 2>&1 | sed 's/^/[samtools-index] /' | tee -a shovill.log
[shovill] Correcting errors in skesa.fasta
[shovill] Running: pilon --genome skesa.fasta --frags shovill.bam --minmq 60 --minqual 3 --fix bases --output pilon --threads 2 --changes --mindepth 0.25 2>&1 | sed 's/^/[pilon] /' | tee -a shovill.log
[pilon] Picked up _JAVA_OPTIONS:  -Xmx5g
[pilon] Pilon version 1.24 Thu Jan 28 13:00:45 2021 -0500
[pilon] --threads argument no longer supported; ignoring!
[pilon] Genome: skesa.fasta
[pilon] Fixing snps, indels
[pilon] Input genome size: 159095
[pilon] Processing Contig_1_10.4017:1-1857
[pilon] frags shovill.bam: coverage 8
[pilon] Total Reads: 253, Coverage: 8, minDepth: 5
[pilon] Confirmed 988 of 1857 bases (53.20%)
[pilon] Corrected 0 snps; 0 ambiguous bases; corrected 0 small insertions totaling 0 bases, 0 small deletions totaling 0 bases
[pilon] Contig_1_10.4017:1-1857 log:
[pilon] Finished processing Contig_1_10.4017:1-1857
[pilon] Processing Contig_2_53.0885:1-1827
[pilon] frags shovill.bam: coverage 48
[pilon] Total Reads: 1181, Coverage: 48, minDepth: 12
[pilon] Confirmed 1114 of 1827 bases (60.97%)
[pilon] Corrected 0 snps; 0 ambiguous bases; corrected 0 small insertions totaling 0 bases, 0 small deletions totaling 0 bases
[pilon] Contig_2_53.0885:1-1827 log:
[pilon] Finished processing Contig_2_53.0885:1-1827
[pilon] Processing Contig_3_32.1879:1-1617
[pilon] frags shovill.bam: coverage 30
[pilon] Total Reads: 665, Coverage: 30, minDepth: 8
[pilon] Confirmed 1510 of 1617 bases (93.38%)
[pilon] Corrected 0 snps; 0 ambiguous bases; corrected 0 small insertions totaling 0 bases, 0 small deletions totaling 0 bases
[pilon] Contig_3_32.1879:1-1617 log:
[pilon] Finished processing Contig_3_32.1879:1-1617
[pilon] Processing Contig_4_71.4601:1-6069
[pilon] frags shovill.bam: coverage 69
[pilon] Total Reads: 5486, Coverage: 69, minDepth: 17
[pilon] Confirmed 3999 of 6069 bases (65.89%)
[pilon] Corrected 0 snps; 0 ambiguous bases; corrected 0 small insertions totaling 0 bases, 0 small deletions totaling 0 bases
[pilon] Contig_4_71.4601:1-6069 log:
[pilon] Finished processing Contig_4_71.4601:1-6069
[pilon] Processing Contig_5_96.3931:1-3342
[pilon] frags shovill.bam: coverage 93
[pilon] Total Reads: 4097, Coverage: 93, minDepth: 23
[pilon] Confirmed 2857 of 3342 bases (85.49%)
[pilon] Corrected 0 snps; 0 ambiguous bases; corrected 0 small insertions totaling 0 bases, 0 small deletions totaling 0 bases
[pilon] Contig_5_96.3931:1-3342 log:
[pilon] Finished processing Contig_5_96.3931:1-3342
[pilon] Processing Contig_6_30.0903:1-6718
[pilon] frags shovill.bam: coverage 28
[pilon] Total Reads: 2603, Coverage: 28, minDepth: 7
[pilon] Confirmed 6064 of 6718 bases (90.26%)
[pilon] Corrected 0 snps; 0 ambiguous bases; corrected 0 small insertions totaling 0 bases, 0 small deletions totaling 0 bases
[pilon] Contig_6_30.0903:1-6718 log:
[pilon] Finished processing Contig_6_30.0903:1-6718
[pilon] Processing Contig_7_26.1786:1-2254
[pilon] frags shovill.bam: coverage 23
[pilon] Total Reads: 753, Coverage: 23, minDepth: 6
[pilon] Confirmed 1888 of 2254 bases (83.76%)
[pilon] Corrected 0 snps; 0 ambiguous bases; corrected 0 small insertions totaling 0 bases, 0 small deletions totaling 0 bases
[pilon] Contig_7_26.1786:1-2254 log:
[pilon] Finished processing Contig_7_26.1786:1-2254
[pilon] Processing Contig_8_7.68683:1-1607
[pilon] frags shovill.bam: coverage 6
[pilon] Total Reads: 159, Coverage: 6, minDepth: 5
[pilon] Confirmed 662 of 1607 bases (41.19%)
[pilon] Corrected 0 snps; 0 ambiguous bases; corrected 0 small insertions totaling 0 bases, 0 small deletions totaling 0 bases
[pilon] Contig_8_7.68683:1-1607 log:
[pilon] Finished processing Contig_8_7.68683:1-1607
[pilon] Processing Contig_9_12.6514:1-783
[pilon] frags shovill.bam: coverage 1
[pilon] Total Reads: 156, Coverage: 1, minDepth: 5
[pilon] Confirmed 125 of 783 bases (15.96%)
[pilon] Corrected 0 snps; 0 ambiguous bases; corrected 0 small insertions totaling 0 bases, 0 small deletions totaling 0 bases
[pilon] Contig_9_12.6514:1-783 log:
[pilon] Finished processing Contig_9_12.6514:1-783
[pilon] Processing Contig_10_49.0186:1-1096
[pilon] frags shovill.bam: coverage 17
[pilon] Total Reads: 671, Coverage: 17, minDepth: 5
[pilon] Confirmed 879 of 1096 bases (80.20%)
[pilon] Corrected 0 snps; 0 ambiguous bases; corrected 0 small insertions totaling 0 bases, 0 small deletions totaling 0 bases
[pilon] Contig_10_49.0186:1-1096 log:
[pilon] Finished processing Contig_10_49.0186:1-1096
[pilon] Processing Contig_11_55.4512:1-789
[pilon] frags shovill.bam: coverage 1
[pilon] Total Reads: 559, Coverage: 1, minDepth: 5
[pilon] Confirmed 0 of 789 bases (0.00%)
[pilon] Corrected 0 snps; 0 ambiguous bases; corrected 0 small insertions totaling 0 bases, 0 small deletions totaling 0 bases
[pilon] Contig_11_55.4512:1-789 log:
[pilon] Finished processing Contig_11_55.4512:1-789
[pilon] Processing Contig_12_15.5157:1-1806
[pilon] frags shovill.bam: coverage 12
[pilon] Total Reads: 405, Coverage: 12, minDepth: 5
[pilon] Confirmed 1294 of 1806 bases (71.65%)
[pilon] Corrected 0 snps; 0 ambiguous bases; corrected 0 small insertions totaling 0 bases, 0 small deletions totaling 0 bases
[pilon] Contig_12_15.5157:1-1806 log:
[pilon] Finished processing Contig_12_15.5157:1-1806
[pilon] Processing Contig_13_26.6234:1-652
[pilon] frags shovill.bam: coverage 0
[pilon] Total Reads: 229, Coverage: 0, minDepth: 5
[pilon] Confirmed 0 of 652 bases (0.00%)
[pilon] Corrected 0 snps; 0 ambiguous bases; corrected 0 small insertions totaling 0 bases, 0 small deletions totaling 0 bases
[pilon] Contig_13_26.6234:1-652 log:
[pilon] Finished processing Contig_13_26.6234:1-652
[pilon] Processing Contig_14_8.86547:1-689
[pilon] frags shovill.bam: coverage 0
[pilon] Total Reads: 144, Coverage: 0, minDepth: 5
[pilon] Confirmed 0 of 689 bases (0.00%)
[pilon] Corrected 0 snps; 0 ambiguous bases; corrected 0 small insertions totaling 0 bases, 0 small deletions totaling 0 bases
[pilon] Contig_14_8.86547:1-689 log:
[pilon] Finished processing Contig_14_8.86547:1-689
[pilon] Processing Contig_15_24.9022:1-1063
[pilon] frags shovill.bam: coverage 9
[pilon] Total Reads: 348, Coverage: 9, minDepth: 5
[pilon] Confirmed 677 of 1063 bases (63.69%)
[pilon] Corrected 0 snps; 0 ambiguous bases; corrected 0 small insertions totaling 0 bases, 0 small deletions totaling 0 bases
[pilon] Contig_15_24.9022:1-1063 log:
[pilon] Finished processing Contig_15_24.9022:1-1063
[pilon] Processing Contig_16_16.707:1-1341
[pilon] frags shovill.bam: coverage 15
[pilon] Total Reads: 285, Coverage: 15, minDepth: 5
[pilon] Confirmed 1043 of 1341 bases (77.78%)
[pilon] Corrected 0 snps; 0 ambiguous bases; corrected 0 small insertions totaling 0 bases, 0 small deletions totaling 0 bases
[pilon] Contig_16_16.707:1-1341 log:
[pilon] Finished processing Contig_16_16.707:1-1341
[pilon] Processing Contig_17_223.683:1-1129
[pilon] frags shovill.bam: coverage 68
[pilon] Total Reads: 3162, Coverage: 68, minDepth: 17
[pilon] Confirmed 726 of 1129 bases (64.30%)
[pilon] Corrected 0 snps; 0 ambiguous bases; corrected 0 small insertions totaling 0 bases, 0 small deletions totaling 0 bases
[pilon] Contig_17_223.683:1-1129 log:
[pilon] Finished processing Contig_17_223.683:1-1129
[pilon] Processing Contig_18_24.6214:1-4869
[pilon] frags shovill.bam: coverage 21
[pilon] Total Reads: 1490, Coverage: 21, minDepth: 5
[pilon] Confirmed 3976 of 4869 bases (81.66%)
[pilon] Corrected 0 snps; 0 ambiguous bases; corrected 0 small insertions totaling 0 bases, 0 small deletions totaling 0 bases
[pilon] Contig_18_24.6214:1-4869 log:
[pilon] Finished processing Contig_18_24.6214:1-4869
[pilon] Processing Contig_19_37.291:1-1381
[pilon] frags shovill.bam: coverage 35
[pilon] Total Reads: 652, Coverage: 35, minDepth: 9
[pilon] Confirmed 1071 of 1381 bases (77.55%)
[pilon] Corrected 0 snps; 0 ambiguous bases; corrected 0 small insertions totaling 0 bases, 0 small deletions totaling 0 bases
[pilon] Contig_19_37.291:1-1381 log:
[pilon] Finished processing Contig_19_37.291:1-1381
[pilon] Processing Contig_20_23.6888:1-2102
[pilon] frags shovill.bam: coverage 20
[pilon] Total Reads: 653, Coverage: 20, minDepth: 5
[pilon] Confirmed 1960 of 2102 bases (93.24%)
[pilon] Corrected 0 snps; 0 ambiguous bases; corrected 0 small insertions totaling 0 bases, 0 small deletions totaling 0 bases
[pilon] Contig_20_23.6888:1-2102 log:
[pilon] Finished processing Contig_20_23.6888:1-2102
[pilon] Processing Contig_21_136.297:1-3852
[pilon] frags shovill.bam: coverage 134
[pilon] Total Reads: 6648, Coverage: 134, minDepth: 34
[pilon] Confirmed 2691 of 3852 bases (69.86%)
[pilon] Corrected 0 snps; 0 ambiguous bases; corrected 0 small insertions totaling 0 bases, 0 small deletions totaling 0 bases
[pilon] Contig_21_136.297:1-3852 log:
[pilon] Finished processing Contig_21_136.297:1-3852
[pilon] Processing Contig_22_21.4491:1-2623
[pilon] frags shovill.bam: coverage 20
[pilon] Total Reads: 724, Coverage: 20, minDepth: 5
[pilon] Confirmed 2271 of 2623 bases (86.58%)
[pilon] Corrected 0 snps; 0 ambiguous bases; corrected 0 small insertions totaling 0 bases, 0 small deletions totaling 0 bases
[pilon] Contig_22_21.4491:1-2623 log:
[pilon] Finished processing Contig_22_21.4491:1-2623
[pilon] Processing Contig_23_53.9463:1-3375
[pilon] frags shovill.bam: coverage 52
[pilon] Total Reads: 2304, Coverage: 52, minDepth: 13
[pilon] Confirmed 2886 of 3375 bases (85.51%)
[pilon] Corrected 0 snps; 0 ambiguous bases; corrected 0 small insertions totaling 0 bases, 0 small deletions totaling 0 bases
[pilon] Contig_23_53.9463:1-3375 log:
[pilon] Finished processing Contig_23_53.9463:1-3375
[pilon] Processing Contig_24_12.3929:1-529
[pilon] frags shovill.bam: coverage 0
[pilon] Total Reads: 86, Coverage: 0, minDepth: 5
[pilon] Confirmed 0 of 529 bases (0.00%)
[pilon] Corrected 0 snps; 0 ambiguous bases; corrected 0 small insertions totaling 0 bases, 0 small deletions totaling 0 bases
[pilon] Contig_24_12.3929:1-529 log:
[pilon] Finished processing Contig_24_12.3929:1-529
[pilon] Processing Contig_25_89.672:1-7356
[pilon] frags shovill.bam: coverage 87
[pilon] Total Reads: 8354, Coverage: 87, minDepth: 22
[pilon] Confirmed 4592 of 7356 bases (62.43%)
[pilon] Corrected 0 snps; 0 ambiguous bases; corrected 0 small insertions totaling 0 bases, 0 small deletions totaling 0 bases
[pilon] Contig_25_89.672:1-7356 log:
[pilon] Finished processing Contig_25_89.672:1-7356
[pilon] Processing Contig_26_15.1724:1-1470
[pilon] frags shovill.bam: coverage 12
[pilon] Total Reads: 312, Coverage: 12, minDepth: 5
[pilon] Confirmed 822 of 1470 bases (55.92%)
[pilon] Corrected 0 snps; 0 ambiguous bases; corrected 0 small insertions totaling 0 bases, 0 small deletions totaling 0 bases
[pilon] Contig_26_15.1724:1-1470 log:
[pilon] Finished processing Contig_26_15.1724:1-1470
[pilon] Processing Contig_27_126.263:1-5501
[pilon] frags shovill.bam: coverage 90
[pilon] Total Reads: 8815, Coverage: 90, minDepth: 23
[pilon] Confirmed 4848 of 5501 bases (88.13%)
[pilon] Corrected 0 snps; 0 ambiguous bases; corrected 0 small insertions totaling 0 bases, 0 small deletions totaling 0 bases
[pilon] Contig_27_126.263:1-5501 log:
[pilon] Finished processing Contig_27_126.263:1-5501
[pilon] Processing Contig_28_27.6651:1-1498
[pilon] frags shovill.bam: coverage 25
[pilon] Total Reads: 520, Coverage: 25, minDepth: 6
[pilon] Confirmed 1414 of 1498 bases (94.39%)
[pilon] Corrected 0 snps; 0 ambiguous bases; corrected 0 small insertions totaling 0 bases, 0 small deletions totaling 0 bases
[pilon] Contig_28_27.6651:1-1498 log:
[pilon] Finished processing Contig_28_27.6651:1-1498
[pilon] Processing Contig_29_23.4952:1-537
[pilon] frags shovill.bam: coverage 0
[pilon] Total Reads: 295, Coverage: 0, minDepth: 5
[pilon] Confirmed 0 of 537 bases (0.00%)
[pilon] Corrected 0 snps; 0 ambiguous bases; corrected 0 small insertions totaling 0 bases, 0 small deletions totaling 0 bases
[pilon] Contig_29_23.4952:1-537 log:
[pilon] Finished processing Contig_29_23.4952:1-537
[pilon] Processing Contig_30_5.37343:1-577
[pilon] frags shovill.bam: coverage 0
[pilon] Total Reads: 66, Coverage: 0, minDepth: 5
[pilon] Confirmed 0 of 577 bases (0.00%)
[pilon] Corrected 0 snps; 0 ambiguous bases; corrected 0 small insertions totaling 0 bases, 0 small deletions totaling 0 bases
[pilon] Contig_30_5.37343:1-577 log:
[pilon] Finished processing Contig_30_5.37343:1-577
[pilon] Processing Contig_31_9.00354:1-585
[pilon] frags shovill.bam: coverage 0
[pilon] Total Reads: 123, Coverage: 0, minDepth: 5
[pilon] Confirmed 0 of 585 bases (0.00%)
[pilon] Corrected 0 snps; 0 ambiguous bases; corrected 0 small insertions totaling 0 bases, 0 small deletions totaling 0 bases
[pilon] Contig_31_9.00354:1-585 log:
[pilon] Finished processing Contig_31_9.00354:1-585
[pilon] Processing Contig_32_8.7576:1-1468
[pilon] frags shovill.bam: coverage 7
[pilon] Total Reads: 160, Coverage: 7, minDepth: 5
[pilon] Confirmed 1139 of 1468 bases (77.59%)
[pilon] Corrected 0 snps; 0 ambiguous bases; corrected 0 small insertions totaling 0 bases, 0 small deletions totaling 0 bases
[pilon] Contig_32_8.7576:1-1468 log:
[pilon] Finished processing Contig_32_8.7576:1-1468
[pilon] Processing Contig_33_55.1065:1-1822
[pilon] frags shovill.bam: coverage 52
[pilon] Total Reads: 1246, Coverage: 52, minDepth: 13
[pilon] Confirmed 1345 of 1822 bases (73.82%)
[pilon] Corrected 0 snps; 0 ambiguous bases; corrected 0 small insertions totaling 0 bases, 0 small deletions totaling 0 bases
[pilon] Contig_33_55.1065:1-1822 log:
[pilon] Finished processing Contig_33_55.1065:1-1822
[pilon] Processing Contig_34_44.0008:1-6639
[pilon] frags shovill.bam: coverage 41
[pilon] Total Reads: 3767, Coverage: 41, minDepth: 10
[pilon] Confirmed 5546 of 6639 bases (83.54%)
[pilon] Corrected 0 snps; 0 ambiguous bases; corrected 0 small insertions totaling 0 bases, 0 small deletions totaling 0 bases
[pilon] Contig_34_44.0008:1-6639 log:
[pilon] Finished processing Contig_34_44.0008:1-6639
[pilon] Processing Contig_35_6.77291:1-751
[pilon] frags shovill.bam: coverage 1
[pilon] Total Reads: 85, Coverage: 1, minDepth: 5
[pilon] Confirmed 31 of 751 bases (4.13%)
[pilon] Corrected 0 snps; 0 ambiguous bases; corrected 0 small insertions totaling 0 bases, 0 small deletions totaling 0 bases
[pilon] Contig_35_6.77291:1-751 log:
[pilon] Finished processing Contig_35_6.77291:1-751
[pilon] Processing Contig_36_57.3733:1-1287
[pilon] frags shovill.bam: coverage 54
[pilon] Total Reads: 953, Coverage: 54, minDepth: 14
[pilon] Confirmed 1012 of 1287 bases (78.63%)
[pilon] Corrected 0 snps; 0 ambiguous bases; corrected 0 small insertions totaling 0 bases, 0 small deletions totaling 0 bases
[pilon] Contig_36_57.3733:1-1287 log:
[pilon] Finished processing Contig_36_57.3733:1-1287
[pilon] Processing Contig_37_27.731:1-1388
[pilon] frags shovill.bam: coverage 25
[pilon] Total Reads: 497, Coverage: 25, minDepth: 6
[pilon] Confirmed 1192 of 1388 bases (85.88%)
[pilon] Corrected 0 snps; 0 ambiguous bases; corrected 0 small insertions totaling 0 bases, 0 small deletions totaling 0 bases
[pilon] Contig_37_27.731:1-1388 log:
[pilon] Finished processing Contig_37_27.731:1-1388
[pilon] Processing Contig_38_24.6715:1-1186
[pilon] frags shovill.bam: coverage 22
[pilon] Total Reads: 374, Coverage: 22, minDepth: 6
[pilon] Confirmed 569 of 1186 bases (47.98%)
[pilon] Corrected 0 snps; 0 ambiguous bases; corrected 0 small insertions totaling 0 bases, 0 small deletions totaling 0 bases
[pilon] Contig_38_24.6715:1-1186 log:
[pilon] Finished processing Contig_38_24.6715:1-1186
[pilon] Processing Contig_39_27.1554:1-4571
[pilon] frags shovill.bam: coverage 25
[pilon] Total Reads: 1601, Coverage: 25, minDepth: 6
[pilon] Confirmed 4228 of 4571 bases (92.50%)
[pilon] Corrected 0 snps; 0 ambiguous bases; corrected 0 small insertions totaling 0 bases, 0 small deletions totaling 0 bases
[pilon] Contig_39_27.1554:1-4571 log:
[pilon] Finished processing Contig_39_27.1554:1-4571
[pilon] Processing Contig_40_10.6616:1-1279
[pilon] frags shovill.bam: coverage 8
[pilon] Total Reads: 192, Coverage: 8, minDepth: 5
[pilon] Confirmed 1120 of 1279 bases (87.57%)
[pilon] Corrected 0 snps; 0 ambiguous bases; corrected 0 small insertions totaling 0 bases, 0 small deletions totaling 0 bases
[pilon] Contig_40_10.6616:1-1279 log:
[pilon] Finished processing Contig_40_10.6616:1-1279
[pilon] Processing Contig_41_9.06003:1-1236
[pilon] frags shovill.bam: coverage 5
[pilon] Total Reads: 175, Coverage: 5, minDepth: 5
[pilon] Confirmed 791 of 1236 bases (64.00%)
[pilon] Corrected 0 snps; 0 ambiguous bases; corrected 0 small insertions totaling 0 bases, 0 small deletions totaling 0 bases
[pilon] Contig_41_9.06003:1-1236 log:
[pilon] Finished processing Contig_41_9.06003:1-1236
[pilon] Processing Contig_42_11.0397:1-1253
[pilon] frags shovill.bam: coverage 8
[pilon] Total Reads: 185, Coverage: 8, minDepth: 5
[pilon] Confirmed 1021 of 1253 bases (81.48%)
[pilon] Corrected 0 snps; 0 ambiguous bases; corrected 0 small insertions totaling 0 bases, 0 small deletions totaling 0 bases
[pilon] Contig_42_11.0397:1-1253 log:
[pilon] Finished processing Contig_42_11.0397:1-1253
[pilon] Processing Contig_43_32.1035:1-3267
[pilon] frags shovill.bam: coverage 29
[pilon] Total Reads: 1335, Coverage: 29, minDepth: 7
[pilon] Confirmed 2762 of 3267 bases (84.54%)
[pilon] Corrected 0 snps; 0 ambiguous bases; corrected 0 small insertions totaling 0 bases, 0 small deletions totaling 0 bases
[pilon] Contig_43_32.1035:1-3267 log:
[pilon] Finished processing Contig_43_32.1035:1-3267
[pilon] Processing Contig_44_25.1492:1-1146
[pilon] frags shovill.bam: coverage 23
[pilon] Total Reads: 372, Coverage: 23, minDepth: 6
[pilon] Confirmed 887 of 1146 bases (77.40%)
[pilon] Corrected 0 snps; 0 ambiguous bases; corrected 0 small insertions totaling 0 bases, 0 small deletions totaling 0 bases
[pilon] Contig_44_25.1492:1-1146 log:
[pilon] Finished processing Contig_44_25.1492:1-1146
[pilon] Processing Contig_45_21.4739:1-1495
[pilon] frags shovill.bam: coverage 19
[pilon] Total Reads: 401, Coverage: 19, minDepth: 5
[pilon] Confirmed 1394 of 1495 bases (93.24%)
[pilon] Corrected 0 snps; 0 ambiguous bases; corrected 0 small insertions totaling 0 bases, 0 small deletions totaling 0 bases
[pilon] Contig_45_21.4739:1-1495 log:
[pilon] Finished processing Contig_45_21.4739:1-1495
[pilon] Processing Contig_46_35.301:1-1349
[pilon] frags shovill.bam: coverage 33
[pilon] Total Reads: 612, Coverage: 33, minDepth: 8
[pilon] Confirmed 887 of 1349 bases (65.75%)
[pilon] Corrected 0 snps; 0 ambiguous bases; corrected 0 small insertions totaling 0 bases, 0 small deletions totaling 0 bases
[pilon] Contig_46_35.301:1-1349 log:
[pilon] Finished processing Contig_46_35.301:1-1349
[pilon] Processing Contig_47_110.45:1-1793
[pilon] frags shovill.bam: coverage 106
[pilon] Total Reads: 2504, Coverage: 106, minDepth: 27
[pilon] Confirmed 1444 of 1793 bases (80.54%)
[pilon] Corrected 0 snps; 0 ambiguous bases; corrected 0 small insertions totaling 0 bases, 0 small deletions totaling 0 bases
[pilon] Contig_47_110.45:1-1793 log:
[pilon] Finished processing Contig_47_110.45:1-1793
[pilon] Processing Contig_48_12.3117:1-2936
[pilon] frags shovill.bam: coverage 11
[pilon] Total Reads: 468, Coverage: 11, minDepth: 5
[pilon] Confirmed 2455 of 2936 bases (83.62%)
[pilon] Corrected 0 snps; 0 ambiguous bases; corrected 0 small insertions totaling 0 bases, 0 small deletions totaling 0 bases
[pilon] Contig_48_12.3117:1-2936 log:
[pilon] Finished processing Contig_48_12.3117:1-2936
[pilon] Processing Contig_49_29.0408:1-1294
[pilon] frags shovill.bam: coverage 27
[pilon] Total Reads: 482, Coverage: 27, minDepth: 7
[pilon] Confirmed 1046 of 1294 bases (80.83%)
[pilon] Corrected 0 snps; 0 ambiguous bases; corrected 0 small insertions totaling 0 bases, 0 small deletions totaling 0 bases
[pilon] Contig_49_29.0408:1-1294 log:
[pilon] Finished processing Contig_49_29.0408:1-1294
[pilon] Processing Contig_50_8.35765:1-719
[pilon] frags shovill.bam: coverage 0
[pilon] Total Reads: 139, Coverage: 0, minDepth: 5
[pilon] Confirmed 0 of 719 bases (0.00%)
[pilon] Corrected 0 snps; 0 ambiguous bases; corrected 0 small insertions totaling 0 bases, 0 small deletions totaling 0 bases
[pilon] Contig_50_8.35765:1-719 log:
[pilon] Finished processing Contig_50_8.35765:1-719
[pilon] Processing Contig_51_14.9725:1-1295
[pilon] frags shovill.bam: coverage 13
[pilon] Total Reads: 250, Coverage: 13, minDepth: 5
[pilon] Confirmed 1056 of 1295 bases (81.54%)
[pilon] Corrected 0 snps; 0 ambiguous bases; corrected 0 small insertions totaling 0 bases, 0 small deletions totaling 0 bases
[pilon] Contig_51_14.9725:1-1295 log:
[pilon] Finished processing Contig_51_14.9725:1-1295
[pilon] Processing Contig_52_1316.99:1-5610
[pilon] frags shovill.bam: coverage 1311
[pilon] Total Reads: 93533, Coverage: 1311, minDepth: 328
[pilon] Confirmed 4722 of 5610 bases (84.17%)
[pilon] Corrected 0 snps; 0 ambiguous bases; corrected 0 small insertions totaling 0 bases, 0 small deletions totaling 0 bases
[pilon] Contig_52_1316.99:1-5610 log:
[pilon] Finished processing Contig_52_1316.99:1-5610
[pilon] Processing Contig_53_86.5569:1-2584
[pilon] frags shovill.bam: coverage 80
[pilon] Total Reads: 2835, Coverage: 80, minDepth: 20
[pilon] Confirmed 1970 of 2584 bases (76.24%)
[pilon] Corrected 0 snps; 0 ambiguous bases; corrected 0 small insertions totaling 0 bases, 0 small deletions totaling 0 bases
[pilon] Contig_53_86.5569:1-2584 log:
[pilon] Finished processing Contig_53_86.5569:1-2584
[pilon] Processing Contig_54_7.42339:1-516
[pilon] frags shovill.bam: coverage 0
[pilon] Total Reads: 85, Coverage: 0, minDepth: 5
[pilon] Confirmed 0 of 516 bases (0.00%)
[pilon] Corrected 0 snps; 0 ambiguous bases; corrected 0 small insertions totaling 0 bases, 0 small deletions totaling 0 bases
[pilon] Contig_54_7.42339:1-516 log:
[pilon] Finished processing Contig_54_7.42339:1-516
[pilon] Processing Contig_55_32.4512:1-1771
[pilon] frags shovill.bam: coverage 6
[pilon] Total Reads: 467, Coverage: 6, minDepth: 5
[pilon] Confirmed 1063 of 1771 bases (60.02%)
[pilon] Corrected 0 snps; 0 ambiguous bases; corrected 0 small insertions totaling 0 bases, 0 small deletions totaling 0 bases
[pilon] Contig_55_32.4512:1-1771 log:
[pilon] Finished processing Contig_55_32.4512:1-1771
[pilon] Processing Contig_56_4.78346:1-685
[pilon] frags shovill.bam: coverage 1
[pilon] Total Reads: 72, Coverage: 1, minDepth: 5
[pilon] Confirmed 0 of 685 bases (0.00%)
[pilon] Corrected 0 snps; 0 ambiguous bases; corrected 0 small insertions totaling 0 bases, 0 small deletions totaling 0 bases
[pilon] Contig_56_4.78346:1-685 log:
[pilon] Finished processing Contig_56_4.78346:1-685
[pilon] Processing Contig_57_57.1966:1-732
[pilon] frags shovill.bam: coverage 1
[pilon] Total Reads: 562, Coverage: 1, minDepth: 5
[pilon] Confirmed 0 of 732 bases (0.00%)
[pilon] Corrected 0 snps; 0 ambiguous bases; corrected 0 small insertions totaling 0 bases, 0 small deletions totaling 0 bases
[pilon] Contig_57_57.1966:1-732 log:
[pilon] Finished processing Contig_57_57.1966:1-732
[pilon] Processing Contig_58_30.3155:1-600
[pilon] frags shovill.bam: coverage 0
[pilon] Total Reads: 211, Coverage: 0, minDepth: 5
[pilon] Confirmed 0 of 600 bases (0.00%)
[pilon] Corrected 0 snps; 0 ambiguous bases; corrected 0 small insertions totaling 0 bases, 0 small deletions totaling 0 bases
[pilon] Contig_58_30.3155:1-600 log:
[pilon] Finished processing Contig_58_30.3155:1-600
[pilon] Processing Contig_59_48.1991:1-663
[pilon] frags shovill.bam: coverage 0
[pilon] Total Reads: 408, Coverage: 0, minDepth: 5
[pilon] Confirmed 0 of 663 bases (0.00%)
[pilon] Corrected 0 snps; 0 ambiguous bases; corrected 0 small insertions totaling 0 bases, 0 small deletions totaling 0 bases
[pilon] Contig_59_48.1991:1-663 log:
[pilon] Finished processing Contig_59_48.1991:1-663
[pilon] Processing Contig_60_11.103:1-515
[pilon] frags shovill.bam: coverage 0
[pilon] Total Reads: 74, Coverage: 0, minDepth: 5
[pilon] Confirmed 0 of 515 bases (0.00%)
[pilon] Corrected 0 snps; 0 ambiguous bases; corrected 0 small insertions totaling 0 bases, 0 small deletions totaling 0 bases
[pilon] Contig_60_11.103:1-515 log:
[pilon] Finished processing Contig_60_11.103:1-515
[pilon] Processing Contig_61_8.41547:1-1339
[pilon] frags shovill.bam: coverage 6
[pilon] Total Reads: 159, Coverage: 6, minDepth: 5
[pilon] Confirmed 839 of 1339 bases (62.66%)
[pilon] Corrected 0 snps; 0 ambiguous bases; corrected 0 small insertions totaling 0 bases, 0 small deletions totaling 0 bases
[pilon] Contig_61_8.41547:1-1339 log:
[pilon] Finished processing Contig_61_8.41547:1-1339
[pilon] Processing Contig_62_138.307:1-1460
[pilon] frags shovill.bam: coverage 134
[pilon] Total Reads: 2533, Coverage: 134, minDepth: 34
[pilon] Confirmed 1273 of 1460 bases (87.19%)
[pilon] Corrected 0 snps; 0 ambiguous bases; corrected 0 small insertions totaling 0 bases, 0 small deletions totaling 0 bases
[pilon] Contig_62_138.307:1-1460 log:
[pilon] Finished processing Contig_62_138.307:1-1460
[pilon] Processing Contig_63_42.7656:1-2686
[pilon] frags shovill.bam: coverage 40
[pilon] Total Reads: 1461, Coverage: 40, minDepth: 10
[pilon] Confirmed 1894 of 2686 bases (70.51%)
[pilon] Corrected 0 snps; 0 ambiguous bases; corrected 0 small insertions totaling 0 bases, 0 small deletions totaling 0 bases
[pilon] Contig_63_42.7656:1-2686 log:
[pilon] Finished processing Contig_63_42.7656:1-2686
[pilon] Processing Contig_64_18.6534:1-1650
[pilon] frags shovill.bam: coverage 16
[pilon] Total Reads: 423, Coverage: 16, minDepth: 5
[pilon] Confirmed 1488 of 1650 bases (90.18%)
[pilon] Corrected 0 snps; 0 ambiguous bases; corrected 0 small insertions totaling 0 bases, 0 small deletions totaling 0 bases
[pilon] Contig_64_18.6534:1-1650 log:
[pilon] Finished processing Contig_64_18.6534:1-1650
[pilon] Processing Contig_65_8.44455:1-1102
[pilon] frags shovill.bam: coverage 6
[pilon] Total Reads: 143, Coverage: 6, minDepth: 5
[pilon] Confirmed 750 of 1102 bases (68.06%)
[pilon] Corrected 0 snps; 0 ambiguous bases; corrected 0 small insertions totaling 0 bases, 0 small deletions totaling 0 bases
[pilon] Contig_65_8.44455:1-1102 log:
[pilon] Finished processing Contig_65_8.44455:1-1102
[pilon] Processing Contig_66_4.24145:1-517
[pilon] frags shovill.bam: coverage 0
[pilon] Total Reads: 53, Coverage: 0, minDepth: 5
[pilon] Confirmed 0 of 517 bases (0.00%)
[pilon] Corrected 0 snps; 0 ambiguous bases; corrected 0 small insertions totaling 0 bases, 0 small deletions totaling 0 bases
[pilon] Contig_66_4.24145:1-517 log:
[pilon] Finished processing Contig_66_4.24145:1-517
[pilon] Processing Contig_67_69.3406:1-1447
[pilon] frags shovill.bam: coverage 67
[pilon] Total Reads: 1269, Coverage: 67, minDepth: 17
[pilon] Confirmed 900 of 1447 bases (62.20%)
[pilon] Corrected 0 snps; 0 ambiguous bases; corrected 0 small insertions totaling 0 bases, 0 small deletions totaling 0 bases
[pilon] Contig_67_69.3406:1-1447 log:
[pilon] Finished processing Contig_67_69.3406:1-1447
[pilon] Processing Contig_68_36.9114:1-2423
[pilon] frags shovill.bam: coverage 32
[pilon] Total Reads: 1126, Coverage: 32, minDepth: 8
[pilon] Confirmed 1506 of 2423 bases (62.15%)
[pilon] Corrected 0 snps; 0 ambiguous bases; corrected 0 small insertions totaling 0 bases, 0 small deletions totaling 0 bases
[pilon] Contig_68_36.9114:1-2423 log:
[pilon] Finished processing Contig_68_36.9114:1-2423
[pilon] Processing Contig_69_53.5608:1-2768
[pilon] frags shovill.bam: coverage 45
[pilon] Total Reads: 1925, Coverage: 45, minDepth: 11
[pilon] Confirmed 2338 of 2768 bases (84.47%)
[pilon] Corrected 0 snps; 0 ambiguous bases; corrected 0 small insertions totaling 0 bases, 0 small deletions totaling 0 bases
[pilon] Contig_69_53.5608:1-2768 log:
[pilon] Finished processing Contig_69_53.5608:1-2768
[pilon] Processing Contig_70_75.9149:1-5380
[pilon] frags shovill.bam: coverage 71
[pilon] Total Reads: 5103, Coverage: 71, minDepth: 18
[pilon] Confirmed 4529 of 5380 bases (84.18%)
[pilon] Corrected 0 snps; 0 ambiguous bases; corrected 0 small insertions totaling 0 bases, 0 small deletions totaling 0 bases
[pilon] Contig_70_75.9149:1-5380 log:
[pilon] Finished processing Contig_70_75.9149:1-5380
[pilon] Processing Contig_71_30.452:1-1635
[pilon] frags shovill.bam: coverage 28
[pilon] Total Reads: 636, Coverage: 28, minDepth: 7
[pilon] Confirmed 1546 of 1635 bases (94.56%)
[pilon] Corrected 0 snps; 0 ambiguous bases; corrected 0 small insertions totaling 0 bases, 0 small deletions totaling 0 bases
[pilon] Contig_71_30.452:1-1635 log:
[pilon] Finished processing Contig_71_30.452:1-1635
[pilon] Processing Contig_72_69.6735:1-2170
[pilon] frags shovill.bam: coverage 67
[pilon] Total Reads: 1902, Coverage: 67, minDepth: 17
[pilon] Confirmed 1532 of 2170 bases (70.60%)
[pilon] Corrected 0 snps; 0 ambiguous bases; corrected 0 small insertions totaling 0 bases, 0 small deletions totaling 0 bases
[pilon] Contig_72_69.6735:1-2170 log:
[pilon] Finished processing Contig_72_69.6735:1-2170
[pilon] Processing Contig_73_11.9865:1-1054
[pilon] frags shovill.bam: coverage 10
[pilon] Total Reads: 166, Coverage: 10, minDepth: 5
[pilon] Confirmed 649 of 1054 bases (61.57%)
[pilon] Corrected 0 snps; 0 ambiguous bases; corrected 0 small insertions totaling 0 bases, 0 small deletions totaling 0 bases
[pilon] Contig_73_11.9865:1-1054 log:
[pilon] Finished processing Contig_73_11.9865:1-1054
[pilon] Processing Contig_74_8.63514:1-982
[pilon] frags shovill.bam: coverage 6
[pilon] Total Reads: 117, Coverage: 6, minDepth: 5
[pilon] Confirmed 579 of 982 bases (58.96%)
[pilon] Corrected 0 snps; 0 ambiguous bases; corrected 0 small insertions totaling 0 bases, 0 small deletions totaling 0 bases
[pilon] Contig_74_8.63514:1-982 log:
[pilon] Finished processing Contig_74_8.63514:1-982
[pilon] Processing Contig_75_35.7549:1-2162
[pilon] frags shovill.bam: coverage 32
[pilon] Total Reads: 1001, Coverage: 32, minDepth: 8
[pilon] Confirmed 1798 of 2162 bases (83.16%)
[pilon] Corrected 0 snps; 0 ambiguous bases; corrected 0 small insertions totaling 0 bases, 0 small deletions totaling 0 bases
[pilon] Contig_75_35.7549:1-2162 log:
[pilon] Finished processing Contig_75_35.7549:1-2162
[pilon] Processing Contig_76_11.7376:1-584
[pilon] frags shovill.bam: coverage 0
[pilon] Total Reads: 92, Coverage: 0, minDepth: 5
[pilon] Confirmed 0 of 584 bases (0.00%)
[pilon] Corrected 0 snps; 0 ambiguous bases; corrected 0 small insertions totaling 0 bases, 0 small deletions totaling 0 bases
[pilon] Contig_76_11.7376:1-584 log:
[pilon] Finished processing Contig_76_11.7376:1-584
[pilon] Processing Contig_77_21.8679:1-1814
[pilon] frags shovill.bam: coverage 9
[pilon] Total Reads: 263, Coverage: 9, minDepth: 5
[pilon] Confirmed 1256 of 1814 bases (69.24%)
[pilon] Corrected 0 snps; 0 ambiguous bases; corrected 0 small insertions totaling 0 bases, 0 small deletions totaling 0 bases
[pilon] Contig_77_21.8679:1-1814 log:
[pilon] Finished processing Contig_77_21.8679:1-1814
[pilon] Processing Contig_78_8.27298:1-1097
[pilon] frags shovill.bam: coverage 6
[pilon] Total Reads: 122, Coverage: 6, minDepth: 5
[pilon] Confirmed 464 of 1097 bases (42.30%)
[pilon] Corrected 0 snps; 0 ambiguous bases; corrected 0 small insertions totaling 0 bases, 0 small deletions totaling 0 bases
[pilon] Contig_78_8.27298:1-1097 log:
[pilon] Finished processing Contig_78_8.27298:1-1097
[pilon] Processing Contig_79_32.8419:1-1608
[pilon] frags shovill.bam: coverage 31
[pilon] Total Reads: 673, Coverage: 31, minDepth: 8
[pilon] Confirmed 1453 of 1608 bases (90.36%)
[pilon] Corrected 0 snps; 0 ambiguous bases; corrected 0 small insertions totaling 0 bases, 0 small deletions totaling 0 bases
[pilon] Contig_79_32.8419:1-1608 log:
[pilon] Finished processing Contig_79_32.8419:1-1608
[pilon] Processing Contig_80_19.7693:1-2473
[pilon] frags shovill.bam: coverage 15
[pilon] Total Reads: 635, Coverage: 15, minDepth: 5
[pilon] Confirmed 1947 of 2473 bases (78.73%)
[pilon] Corrected 0 snps; 0 ambiguous bases; corrected 0 small insertions totaling 0 bases, 0 small deletions totaling 0 bases
[pilon] Contig_80_19.7693:1-2473 log:
[pilon] Finished processing Contig_80_19.7693:1-2473
[pilon] Writing Contig_1_10.4017:1-1857 changes to pilon.changes
[pilon] Writing updated Contig_1_10.4017_pilon to pilon.fasta
[pilon] Writing Contig_2_53.0885:1-1827 changes to pilon.changes
[pilon] Writing updated Contig_2_53.0885_pilon to pilon.fasta
[pilon] Writing Contig_3_32.1879:1-1617 changes to pilon.changes
[pilon] Writing updated Contig_3_32.1879_pilon to pilon.fasta
[pilon] Writing Contig_4_71.4601:1-6069 changes to pilon.changes
[pilon] Writing updated Contig_4_71.4601_pilon to pilon.fasta
[pilon] Writing Contig_5_96.3931:1-3342 changes to pilon.changes
[pilon] Writing updated Contig_5_96.3931_pilon to pilon.fasta
[pilon] Writing Contig_6_30.0903:1-6718 changes to pilon.changes
[pilon] Writing updated Contig_6_30.0903_pilon to pilon.fasta
[pilon] Writing Contig_7_26.1786:1-2254 changes to pilon.changes
[pilon] Writing updated Contig_7_26.1786_pilon to pilon.fasta
[pilon] Writing Contig_8_7.68683:1-1607 changes to pilon.changes
[pilon] Writing updated Contig_8_7.68683_pilon to pilon.fasta
[pilon] Writing Contig_9_12.6514:1-783 changes to pilon.changes
[pilon] Writing updated Contig_9_12.6514_pilon to pilon.fasta
[pilon] Writing Contig_10_49.0186:1-1096 changes to pilon.changes
[pilon] Writing updated Contig_10_49.0186_pilon to pilon.fasta
[pilon] Writing Contig_11_55.4512:1-789 changes to pilon.changes
[pilon] Writing updated Contig_11_55.4512_pilon to pilon.fasta
[pilon] Writing Contig_12_15.5157:1-1806 changes to pilon.changes
[pilon] Writing updated Contig_12_15.5157_pilon to pilon.fasta
[pilon] Writing Contig_13_26.6234:1-652 changes to pilon.changes
[pilon] Writing updated Contig_13_26.6234_pilon to pilon.fasta
[pilon] Writing Contig_14_8.86547:1-689 changes to pilon.changes
[pilon] Writing updated Contig_14_8.86547_pilon to pilon.fasta
[pilon] Writing Contig_15_24.9022:1-1063 changes to pilon.changes
[pilon] Writing updated Contig_15_24.9022_pilon to pilon.fasta
[pilon] Writing Contig_16_16.707:1-1341 changes to pilon.changes
[pilon] Writing updated Contig_16_16.707_pilon to pilon.fasta
[pilon] Writing Contig_17_223.683:1-1129 changes to pilon.changes
[pilon] Writing updated Contig_17_223.683_pilon to pilon.fasta
[pilon] Writing Contig_18_24.6214:1-4869 changes to pilon.changes
[pilon] Writing updated Contig_18_24.6214_pilon to pilon.fasta
[pilon] Writing Contig_19_37.291:1-1381 changes to pilon.changes
[pilon] Writing updated Contig_19_37.291_pilon to pilon.fasta
[pilon] Writing Contig_20_23.6888:1-2102 changes to pilon.changes
[pilon] Writing updated Contig_20_23.6888_pilon to pilon.fasta
[pilon] Writing Contig_21_136.297:1-3852 changes to pilon.changes
[pilon] Writing updated Contig_21_136.297_pilon to pilon.fasta
[pilon] Writing Contig_22_21.4491:1-2623 changes to pilon.changes
[pilon] Writing updated Contig_22_21.4491_pilon to pilon.fasta
[pilon] Writing Contig_23_53.9463:1-3375 changes to pilon.changes
[pilon] Writing updated Contig_23_53.9463_pilon to pilon.fasta
[pilon] Writing Contig_24_12.3929:1-529 changes to pilon.changes
[pilon] Writing updated Contig_24_12.3929_pilon to pilon.fasta
[pilon] Writing Contig_25_89.672:1-7356 changes to pilon.changes
[pilon] Writing updated Contig_25_89.672_pilon to pilon.fasta
[pilon] Writing Contig_26_15.1724:1-1470 changes to pilon.changes
[pilon] Writing updated Contig_26_15.1724_pilon to pilon.fasta
[pilon] Writing Contig_27_126.263:1-5501 changes to pilon.changes
[pilon] Writing updated Contig_27_126.263_pilon to pilon.fasta
[pilon] Writing Contig_28_27.6651:1-1498 changes to pilon.changes
[pilon] Writing updated Contig_28_27.6651_pilon to pilon.fasta
[pilon] Writing Contig_29_23.4952:1-537 changes to pilon.changes
[pilon] Writing updated Contig_29_23.4952_pilon to pilon.fasta
[pilon] Writing Contig_30_5.37343:1-577 changes to pilon.changes
[pilon] Writing updated Contig_30_5.37343_pilon to pilon.fasta
[pilon] Writing Contig_31_9.00354:1-585 changes to pilon.changes
[pilon] Writing updated Contig_31_9.00354_pilon to pilon.fasta
[pilon] Writing Contig_32_8.7576:1-1468 changes to pilon.changes
[pilon] Writing updated Contig_32_8.7576_pilon to pilon.fasta
[pilon] Writing Contig_33_55.1065:1-1822 changes to pilon.changes
[pilon] Writing updated Contig_33_55.1065_pilon to pilon.fasta
[pilon] Writing Contig_34_44.0008:1-6639 changes to pilon.changes
[pilon] Writing updated Contig_34_44.0008_pilon to pilon.fasta
[pilon] Writing Contig_35_6.77291:1-751 changes to pilon.changes
[pilon] Writing updated Contig_35_6.77291_pilon to pilon.fasta
[pilon] Writing Contig_36_57.3733:1-1287 changes to pilon.changes
[pilon] Writing updated Contig_36_57.3733_pilon to pilon.fasta
[pilon] Writing Contig_37_27.731:1-1388 changes to pilon.changes
[pilon] Writing updated Contig_37_27.731_pilon to pilon.fasta
[pilon] Writing Contig_38_24.6715:1-1186 changes to pilon.changes
[pilon] Writing updated Contig_38_24.6715_pilon to pilon.fasta
[pilon] Writing Contig_39_27.1554:1-4571 changes to pilon.changes
[pilon] Writing updated Contig_39_27.1554_pilon to pilon.fasta
[pilon] Writing Contig_40_10.6616:1-1279 changes to pilon.changes
[pilon] Writing updated Contig_40_10.6616_pilon to pilon.fasta
[pilon] Writing Contig_41_9.06003:1-1236 changes to pilon.changes
[pilon] Writing updated Contig_41_9.06003_pilon to pilon.fasta
[pilon] Writing Contig_42_11.0397:1-1253 changes to pilon.changes
[pilon] Writing updated Contig_42_11.0397_pilon to pilon.fasta
[pilon] Writing Contig_43_32.1035:1-3267 changes to pilon.changes
[pilon] Writing updated Contig_43_32.1035_pilon to pilon.fasta
[pilon] Writing Contig_44_25.1492:1-1146 changes to pilon.changes
[pilon] Writing updated Contig_44_25.1492_pilon to pilon.fasta
[pilon] Writing Contig_45_21.4739:1-1495 changes to pilon.changes
[pilon] Writing updated Contig_45_21.4739_pilon to pilon.fasta
[pilon] Writing Contig_46_35.301:1-1349 changes to pilon.changes
[pilon] Writing updated Contig_46_35.301_pilon to pilon.fasta
[pilon] Writing Contig_47_110.45:1-1793 changes to pilon.changes
[pilon] Writing updated Contig_47_110.45_pilon to pilon.fasta
[pilon] Writing Contig_48_12.3117:1-2936 changes to pilon.changes
[pilon] Writing updated Contig_48_12.3117_pilon to pilon.fasta
[pilon] Writing Contig_49_29.0408:1-1294 changes to pilon.changes
[pilon] Writing updated Contig_49_29.0408_pilon to pilon.fasta
[pilon] Writing Contig_50_8.35765:1-719 changes to pilon.changes
[pilon] Writing updated Contig_50_8.35765_pilon to pilon.fasta
[pilon] Writing Contig_51_14.9725:1-1295 changes to pilon.changes
[pilon] Writing updated Contig_51_14.9725_pilon to pilon.fasta
[pilon] Writing Contig_52_1316.99:1-5610 changes to pilon.changes
[pilon] Writing updated Contig_52_1316.99_pilon to pilon.fasta
[pilon] Writing Contig_53_86.5569:1-2584 changes to pilon.changes
[pilon] Writing updated Contig_53_86.5569_pilon to pilon.fasta
[pilon] Writing Contig_54_7.42339:1-516 changes to pilon.changes
[pilon] Writing updated Contig_54_7.42339_pilon to pilon.fasta
[pilon] Writing Contig_55_32.4512:1-1771 changes to pilon.changes
[pilon] Writing updated Contig_55_32.4512_pilon to pilon.fasta
[pilon] Writing Contig_56_4.78346:1-685 changes to pilon.changes
[pilon] Writing updated Contig_56_4.78346_pilon to pilon.fasta
[pilon] Writing Contig_57_57.1966:1-732 changes to pilon.changes
[pilon] Writing updated Contig_57_57.1966_pilon to pilon.fasta
[pilon] Writing Contig_58_30.3155:1-600 changes to pilon.changes
[pilon] Writing updated Contig_58_30.3155_pilon to pilon.fasta
[pilon] Writing Contig_59_48.1991:1-663 changes to pilon.changes
[pilon] Writing updated Contig_59_48.1991_pilon to pilon.fasta
[pilon] Writing Contig_60_11.103:1-515 changes to pilon.changes
[pilon] Writing updated Contig_60_11.103_pilon to pilon.fasta
[pilon] Writing Contig_61_8.41547:1-1339 changes to pilon.changes
[pilon] Writing updated Contig_61_8.41547_pilon to pilon.fasta
[pilon] Writing Contig_62_138.307:1-1460 changes to pilon.changes
[pilon] Writing updated Contig_62_138.307_pilon to pilon.fasta
[pilon] Writing Contig_63_42.7656:1-2686 changes to pilon.changes
[pilon] Writing updated Contig_63_42.7656_pilon to pilon.fasta
[pilon] Writing Contig_64_18.6534:1-1650 changes to pilon.changes
[pilon] Writing updated Contig_64_18.6534_pilon to pilon.fasta
[pilon] Writing Contig_65_8.44455:1-1102 changes to pilon.changes
[pilon] Writing updated Contig_65_8.44455_pilon to pilon.fasta
[pilon] Writing Contig_66_4.24145:1-517 changes to pilon.changes
[pilon] Writing updated Contig_66_4.24145_pilon to pilon.fasta
[pilon] Writing Contig_67_69.3406:1-1447 changes to pilon.changes
[pilon] Writing updated Contig_67_69.3406_pilon to pilon.fasta
[pilon] Writing Contig_68_36.9114:1-2423 changes to pilon.changes
[pilon] Writing updated Contig_68_36.9114_pilon to pilon.fasta
[pilon] Writing Contig_69_53.5608:1-2768 changes to pilon.changes
[pilon] Writing updated Contig_69_53.5608_pilon to pilon.fasta
[pilon] Writing Contig_70_75.9149:1-5380 changes to pilon.changes
[pilon] Writing updated Contig_70_75.9149_pilon to pilon.fasta
[pilon] Writing Contig_71_30.452:1-1635 changes to pilon.changes
[pilon] Writing updated Contig_71_30.452_pilon to pilon.fasta
[pilon] Writing Contig_72_69.6735:1-2170 changes to pilon.changes
[pilon] Writing updated Contig_72_69.6735_pilon to pilon.fasta
[pilon] Writing Contig_73_11.9865:1-1054 changes to pilon.changes
[pilon] Writing updated Contig_73_11.9865_pilon to pilon.fasta
[pilon] Writing Contig_74_8.63514:1-982 changes to pilon.changes
[pilon] Writing updated Contig_74_8.63514_pilon to pilon.fasta
[pilon] Writing Contig_75_35.7549:1-2162 changes to pilon.changes
[pilon] Writing updated Contig_75_35.7549_pilon to pilon.fasta
[pilon] Writing Contig_76_11.7376:1-584 changes to pilon.changes
[pilon] Writing updated Contig_76_11.7376_pilon to pilon.fasta
[pilon] Writing Contig_77_21.8679:1-1814 changes to pilon.changes
[pilon] Writing updated Contig_77_21.8679_pilon to pilon.fasta
[pilon] Writing Contig_78_8.27298:1-1097 changes to pilon.changes
[pilon] Writing updated Contig_78_8.27298_pilon to pilon.fasta
[pilon] Writing Contig_79_32.8419:1-1608 changes to pilon.changes
[pilon] Writing updated Contig_79_32.8419_pilon to pilon.fasta
[pilon] Writing Contig_80_19.7693:1-2473 changes to pilon.changes
[pilon] Writing updated Contig_80_19.7693_pilon to pilon.fasta
[pilon] Mean frags coverage: 85
[pilon] Mean total coverage: 85
[shovill] Repaired 0 contigs from skesa.fasta at 0 positions.
[shovill] Assembly is 159095, estimated genome size was 358242 (-55.59%)
[shovill] Note: skesa does not produce a graph file
[shovill] Walltime used: 2 min 46 sec
[shovill] Results in: /home/charlie/Documents/BactBook/bactopia-workshop/work/35/e8b1664b70af8eae2983eb5bfe53b5/results
[shovill] Final assembly contigs: /home/charlie/Documents/BactBook/bactopia-workshop/work/35/e8b1664b70af8eae2983eb5bfe53b5/results/contigs.fa
[shovill] It contains 80 (min=500) contigs totalling 159095 bp.
[shovill] The shovill manual is at https://github.com/tseemann/shovill/blob/master/README.md
[shovill] Done.
removed 'results/shovill.bam'
removed 'results/shovill.bam.bai'
removed 'results/flash.extendedFrags.fastq.gz'
removed 'results/flash.notCombined_1.fastq.gz'
removed 'results/flash.notCombined_2.fastq.gz'
removed 'results/skesa.fasta'
removed 'results/skesa.fasta.amb'
removed 'results/skesa.fasta.ann'
removed 'results/skesa.fasta.bwt'
removed 'results/skesa.fasta.fai'
removed 'results/skesa.fasta.pac'
removed 'results/skesa.fasta.sa'
removed 'results/skesa.fasta.uncorrected'
removed 'results/R1.fq.gz'
removed 'results/R2.fq.gz'
